The system is: Linux - 5.4.0-66-generic - x86_64
Compiling the C compiler identification source file "CMakeCCompilerId.c" succeeded.
Compiler: /usr/bin/cc 
Build flags: 
Id flags:  

The output was:
0


Compilation of the C compiler identification source "CMakeCCompilerId.c" produced "a.out"

The C compiler identification is GNU, found in "/home/blackreaper/Documents/6th Sem/LBP/Shell/libzip-1.7.3/build/CMakeFiles/3.17.0/CompilerIdC/a.out"

Determining if the C compiler works passed with the following output:
Change Dir: /home/blackreaper/Documents/6th Sem/LBP/Shell/libzip-1.7.3/build/CMakeFiles/CMakeTmp

Run Build Command(s):/usr/bin/make cmTC_752cd/fast && /usr/bin/make -f CMakeFiles/cmTC_752cd.dir/build.make CMakeFiles/cmTC_752cd.dir/build
make[1]: Entering directory '/home/blackreaper/Documents/6th Sem/LBP/Shell/libzip-1.7.3/build/CMakeFiles/CMakeTmp'
Building C object CMakeFiles/cmTC_752cd.dir/testCCompiler.c.o
/usr/bin/cc    -o CMakeFiles/cmTC_752cd.dir/testCCompiler.c.o   -c "/home/blackreaper/Documents/6th Sem/LBP/Shell/libzip-1.7.3/build/CMakeFiles/CMakeTmp/testCCompiler.c"
Linking C executable cmTC_752cd
/usr/local/bin/cmake -E cmake_link_script CMakeFiles/cmTC_752cd.dir/link.txt --verbose=1
/usr/bin/cc      -rdynamic CMakeFiles/cmTC_752cd.dir/testCCompiler.c.o  -o cmTC_752cd 
make[1]: Leaving directory '/home/blackreaper/Documents/6th Sem/LBP/Shell/libzip-1.7.3/build/CMakeFiles/CMakeTmp'



Detecting C compiler ABI info compiled with the following output:
Change Dir: /home/blackreaper/Documents/6th Sem/LBP/Shell/libzip-1.7.3/build/CMakeFiles/CMakeTmp

Run Build Command(s):/usr/bin/make cmTC_a71a9/fast && /usr/bin/make -f CMakeFiles/cmTC_a71a9.dir/build.make CMakeFiles/cmTC_a71a9.dir/build
make[1]: Entering directory '/home/blackreaper/Documents/6th Sem/LBP/Shell/libzip-1.7.3/build/CMakeFiles/CMakeTmp'
Building C object CMakeFiles/cmTC_a71a9.dir/CMakeCCompilerABI.c.o
/usr/bin/cc   -v -o CMakeFiles/cmTC_a71a9.dir/CMakeCCompilerABI.c.o   -c /usr/local/share/cmake-3.17/Modules/CMakeCCompilerABI.c
Using built-in specs.
COLLECT_GCC=/usr/bin/cc
OFFLOAD_TARGET_NAMES=nvptx-none
OFFLOAD_TARGET_DEFAULT=1
Target: x86_64-linux-gnu
Configured with: ../src/configure -v --with-pkgversion='Ubuntu 7.5.0-3ubuntu1~18.04' --with-bugurl=file:///usr/share/doc/gcc-7/README.Bugs --enable-languages=c,ada,c++,go,brig,d,fortran,objc,obj-c++ --prefix=/usr --with-gcc-major-version-only --program-suffix=-7 --program-prefix=x86_64-linux-gnu- --enable-shared --enable-linker-build-id --libexecdir=/usr/lib --without-included-gettext --enable-threads=posix --libdir=/usr/lib --enable-nls --enable-bootstrap --enable-clocale=gnu --enable-libstdcxx-debug --enable-libstdcxx-time=yes --with-default-libstdcxx-abi=new --enable-gnu-unique-object --disable-vtable-verify --enable-libmpx --enable-plugin --enable-default-pie --with-system-zlib --with-target-system-zlib --enable-objc-gc=auto --enable-multiarch --disable-werror --with-arch-32=i686 --with-abi=m64 --with-multilib-list=m32,m64,mx32 --enable-multilib --with-tune=generic --enable-offload-targets=nvptx-none --without-cuda-driver --enable-checking=release --build=x86_64-linux-gnu --host=x86_64-linux-gnu --target=x86_64-linux-gnu
Thread model: posix
gcc version 7.5.0 (Ubuntu 7.5.0-3ubuntu1~18.04) 
COLLECT_GCC_OPTIONS='-v' '-o' 'CMakeFiles/cmTC_a71a9.dir/CMakeCCompilerABI.c.o' '-c' '-mtune=generic' '-march=x86-64'
 /usr/lib/gcc/x86_64-linux-gnu/7/cc1 -quiet -v -imultiarch x86_64-linux-gnu /usr/local/share/cmake-3.17/Modules/CMakeCCompilerABI.c -quiet -dumpbase CMakeCCompilerABI.c -mtune=generic -march=x86-64 -auxbase-strip CMakeFiles/cmTC_a71a9.dir/CMakeCCompilerABI.c.o -version -fstack-protector-strong -Wformat -Wformat-security -o /tmp/ccCJLHIH.s
GNU C11 (Ubuntu 7.5.0-3ubuntu1~18.04) version 7.5.0 (x86_64-linux-gnu)
	compiled by GNU C version 7.5.0, GMP version 6.1.2, MPFR version 4.0.1, MPC version 1.1.0, isl version isl-0.19-GMP

GGC heuristics: --param ggc-min-expand=100 --param ggc-min-heapsize=131072
ignoring nonexistent directory "/usr/local/include/x86_64-linux-gnu"
ignoring nonexistent directory "/usr/lib/gcc/x86_64-linux-gnu/7/../../../../x86_64-linux-gnu/include"
#include "..." search starts here:
#include <...> search starts here:
 /usr/lib/gcc/x86_64-linux-gnu/7/include
 /usr/local/include
 /usr/lib/gcc/x86_64-linux-gnu/7/include-fixed
 /usr/include/x86_64-linux-gnu
 /usr/include
End of search list.
GNU C11 (Ubuntu 7.5.0-3ubuntu1~18.04) version 7.5.0 (x86_64-linux-gnu)
	compiled by GNU C version 7.5.0, GMP version 6.1.2, MPFR version 4.0.1, MPC version 1.1.0, isl version isl-0.19-GMP

GGC heuristics: --param ggc-min-expand=100 --param ggc-min-heapsize=131072
Compiler executable checksum: b62ed4a2880cd4159476ea8293b72fa8
COLLECT_GCC_OPTIONS='-v' '-o' 'CMakeFiles/cmTC_a71a9.dir/CMakeCCompilerABI.c.o' '-c' '-mtune=generic' '-march=x86-64'
 as -v --64 -o CMakeFiles/cmTC_a71a9.dir/CMakeCCompilerABI.c.o /tmp/ccCJLHIH.s
GNU assembler version 2.30 (x86_64-linux-gnu) using BFD version (GNU Binutils for Ubuntu) 2.30
COMPILER_PATH=/usr/lib/gcc/x86_64-linux-gnu/7/:/usr/lib/gcc/x86_64-linux-gnu/7/:/usr/lib/gcc/x86_64-linux-gnu/:/usr/lib/gcc/x86_64-linux-gnu/7/:/usr/lib/gcc/x86_64-linux-gnu/
LIBRARY_PATH=/usr/lib/gcc/x86_64-linux-gnu/7/:/usr/lib/gcc/x86_64-linux-gnu/7/../../../x86_64-linux-gnu/:/usr/lib/gcc/x86_64-linux-gnu/7/../../../../lib/:/lib/x86_64-linux-gnu/:/lib/../lib/:/usr/lib/x86_64-linux-gnu/:/usr/lib/../lib/:/usr/lib/gcc/x86_64-linux-gnu/7/../../../:/lib/:/usr/lib/
COLLECT_GCC_OPTIONS='-v' '-o' 'CMakeFiles/cmTC_a71a9.dir/CMakeCCompilerABI.c.o' '-c' '-mtune=generic' '-march=x86-64'
Linking C executable cmTC_a71a9
/usr/local/bin/cmake -E cmake_link_script CMakeFiles/cmTC_a71a9.dir/link.txt --verbose=1
/usr/bin/cc     -v -rdynamic CMakeFiles/cmTC_a71a9.dir/CMakeCCompilerABI.c.o  -o cmTC_a71a9 
Using built-in specs.
COLLECT_GCC=/usr/bin/cc
COLLECT_LTO_WRAPPER=/usr/lib/gcc/x86_64-linux-gnu/7/lto-wrapper
OFFLOAD_TARGET_NAMES=nvptx-none
OFFLOAD_TARGET_DEFAULT=1
Target: x86_64-linux-gnu
Configured with: ../src/configure -v --with-pkgversion='Ubuntu 7.5.0-3ubuntu1~18.04' --with-bugurl=file:///usr/share/doc/gcc-7/README.Bugs --enable-languages=c,ada,c++,go,brig,d,fortran,objc,obj-c++ --prefix=/usr --with-gcc-major-version-only --program-suffix=-7 --program-prefix=x86_64-linux-gnu- --enable-shared --enable-linker-build-id --libexecdir=/usr/lib --without-included-gettext --enable-threads=posix --libdir=/usr/lib --enable-nls --enable-bootstrap --enable-clocale=gnu --enable-libstdcxx-debug --enable-libstdcxx-time=yes --with-default-libstdcxx-abi=new --enable-gnu-unique-object --disable-vtable-verify --enable-libmpx --enable-plugin --enable-default-pie --with-system-zlib --with-target-system-zlib --enable-objc-gc=auto --enable-multiarch --disable-werror --with-arch-32=i686 --with-abi=m64 --with-multilib-list=m32,m64,mx32 --enable-multilib --with-tune=generic --enable-offload-targets=nvptx-none --without-cuda-driver --enable-checking=release --build=x86_64-linux-gnu --host=x86_64-linux-gnu --target=x86_64-linux-gnu
Thread model: posix
gcc version 7.5.0 (Ubuntu 7.5.0-3ubuntu1~18.04) 
COMPILER_PATH=/usr/lib/gcc/x86_64-linux-gnu/7/:/usr/lib/gcc/x86_64-linux-gnu/7/:/usr/lib/gcc/x86_64-linux-gnu/:/usr/lib/gcc/x86_64-linux-gnu/7/:/usr/lib/gcc/x86_64-linux-gnu/
LIBRARY_PATH=/usr/lib/gcc/x86_64-linux-gnu/7/:/usr/lib/gcc/x86_64-linux-gnu/7/../../../x86_64-linux-gnu/:/usr/lib/gcc/x86_64-linux-gnu/7/../../../../lib/:/lib/x86_64-linux-gnu/:/lib/../lib/:/usr/lib/x86_64-linux-gnu/:/usr/lib/../lib/:/usr/lib/gcc/x86_64-linux-gnu/7/../../../:/lib/:/usr/lib/
COLLECT_GCC_OPTIONS='-v' '-rdynamic' '-o' 'cmTC_a71a9' '-mtune=generic' '-march=x86-64'
 /usr/lib/gcc/x86_64-linux-gnu/7/collect2 -plugin /usr/lib/gcc/x86_64-linux-gnu/7/liblto_plugin.so -plugin-opt=/usr/lib/gcc/x86_64-linux-gnu/7/lto-wrapper -plugin-opt=-fresolution=/tmp/ccIrVfyG.res -plugin-opt=-pass-through=-lgcc -plugin-opt=-pass-through=-lgcc_s -plugin-opt=-pass-through=-lc -plugin-opt=-pass-through=-lgcc -plugin-opt=-pass-through=-lgcc_s --build-id --eh-frame-hdr -m elf_x86_64 --hash-style=gnu --as-needed -export-dynamic -dynamic-linker /lib64/ld-linux-x86-64.so.2 -pie -z now -z relro -o cmTC_a71a9 /usr/lib/gcc/x86_64-linux-gnu/7/../../../x86_64-linux-gnu/Scrt1.o /usr/lib/gcc/x86_64-linux-gnu/7/../../../x86_64-linux-gnu/crti.o /usr/lib/gcc/x86_64-linux-gnu/7/crtbeginS.o -L/usr/lib/gcc/x86_64-linux-gnu/7 -L/usr/lib/gcc/x86_64-linux-gnu/7/../../../x86_64-linux-gnu -L/usr/lib/gcc/x86_64-linux-gnu/7/../../../../lib -L/lib/x86_64-linux-gnu -L/lib/../lib -L/usr/lib/x86_64-linux-gnu -L/usr/lib/../lib -L/usr/lib/gcc/x86_64-linux-gnu/7/../../.. CMakeFiles/cmTC_a71a9.dir/CMakeCCompilerABI.c.o -lgcc --push-state --as-needed -lgcc_s --pop-state -lc -lgcc --push-state --as-needed -lgcc_s --pop-state /usr/lib/gcc/x86_64-linux-gnu/7/crtendS.o /usr/lib/gcc/x86_64-linux-gnu/7/../../../x86_64-linux-gnu/crtn.o
COLLECT_GCC_OPTIONS='-v' '-rdynamic' '-o' 'cmTC_a71a9' '-mtune=generic' '-march=x86-64'
make[1]: Leaving directory '/home/blackreaper/Documents/6th Sem/LBP/Shell/libzip-1.7.3/build/CMakeFiles/CMakeTmp'



Parsed C implicit include dir info from above output: rv=done
  found start of include info
  found start of implicit include info
    add: [/usr/lib/gcc/x86_64-linux-gnu/7/include]
    add: [/usr/local/include]
    add: [/usr/lib/gcc/x86_64-linux-gnu/7/include-fixed]
    add: [/usr/include/x86_64-linux-gnu]
    add: [/usr/include]
  end of search list found
  collapse include dir [/usr/lib/gcc/x86_64-linux-gnu/7/include] ==> [/usr/lib/gcc/x86_64-linux-gnu/7/include]
  collapse include dir [/usr/local/include] ==> [/usr/local/include]
  collapse include dir [/usr/lib/gcc/x86_64-linux-gnu/7/include-fixed] ==> [/usr/lib/gcc/x86_64-linux-gnu/7/include-fixed]
  collapse include dir [/usr/include/x86_64-linux-gnu] ==> [/usr/include/x86_64-linux-gnu]
  collapse include dir [/usr/include] ==> [/usr/include]
  implicit include dirs: [/usr/lib/gcc/x86_64-linux-gnu/7/include;/usr/local/include;/usr/lib/gcc/x86_64-linux-gnu/7/include-fixed;/usr/include/x86_64-linux-gnu;/usr/include]


Parsed C implicit link information from above output:
  link line regex: [^( *|.*[/\])(ld|CMAKE_LINK_STARTFILE-NOTFOUND|([^/\]+-)?ld|collect2)[^/\]*( |$)]
  ignore line: [Change Dir: /home/blackreaper/Documents/6th Sem/LBP/Shell/libzip-1.7.3/build/CMakeFiles/CMakeTmp]
  ignore line: []
  ignore line: [Run Build Command(s):/usr/bin/make cmTC_a71a9/fast && /usr/bin/make -f CMakeFiles/cmTC_a71a9.dir/build.make CMakeFiles/cmTC_a71a9.dir/build]
  ignore line: [make[1]: Entering directory '/home/blackreaper/Documents/6th Sem/LBP/Shell/libzip-1.7.3/build/CMakeFiles/CMakeTmp']
  ignore line: [Building C object CMakeFiles/cmTC_a71a9.dir/CMakeCCompilerABI.c.o]
  ignore line: [/usr/bin/cc   -v -o CMakeFiles/cmTC_a71a9.dir/CMakeCCompilerABI.c.o   -c /usr/local/share/cmake-3.17/Modules/CMakeCCompilerABI.c]
  ignore line: [Using built-in specs.]
  ignore line: [COLLECT_GCC=/usr/bin/cc]
  ignore line: [OFFLOAD_TARGET_NAMES=nvptx-none]
  ignore line: [OFFLOAD_TARGET_DEFAULT=1]
  ignore line: [Target: x86_64-linux-gnu]
  ignore line: [Configured with: ../src/configure -v --with-pkgversion='Ubuntu 7.5.0-3ubuntu1~18.04' --with-bugurl=file:///usr/share/doc/gcc-7/README.Bugs --enable-languages=c ada c++ go brig d fortran objc obj-c++ --prefix=/usr --with-gcc-major-version-only --program-suffix=-7 --program-prefix=x86_64-linux-gnu- --enable-shared --enable-linker-build-id --libexecdir=/usr/lib --without-included-gettext --enable-threads=posix --libdir=/usr/lib --enable-nls --enable-bootstrap --enable-clocale=gnu --enable-libstdcxx-debug --enable-libstdcxx-time=yes --with-default-libstdcxx-abi=new --enable-gnu-unique-object --disable-vtable-verify --enable-libmpx --enable-plugin --enable-default-pie --with-system-zlib --with-target-system-zlib --enable-objc-gc=auto --enable-multiarch --disable-werror --with-arch-32=i686 --with-abi=m64 --with-multilib-list=m32 m64 mx32 --enable-multilib --with-tune=generic --enable-offload-targets=nvptx-none --without-cuda-driver --enable-checking=release --build=x86_64-linux-gnu --host=x86_64-linux-gnu --target=x86_64-linux-gnu]
  ignore line: [Thread model: posix]
  ignore line: [gcc version 7.5.0 (Ubuntu 7.5.0-3ubuntu1~18.04) ]
  ignore line: [COLLECT_GCC_OPTIONS='-v' '-o' 'CMakeFiles/cmTC_a71a9.dir/CMakeCCompilerABI.c.o' '-c' '-mtune=generic' '-march=x86-64']
  ignore line: [ /usr/lib/gcc/x86_64-linux-gnu/7/cc1 -quiet -v -imultiarch x86_64-linux-gnu /usr/local/share/cmake-3.17/Modules/CMakeCCompilerABI.c -quiet -dumpbase CMakeCCompilerABI.c -mtune=generic -march=x86-64 -auxbase-strip CMakeFiles/cmTC_a71a9.dir/CMakeCCompilerABI.c.o -version -fstack-protector-strong -Wformat -Wformat-security -o /tmp/ccCJLHIH.s]
  ignore line: [GNU C11 (Ubuntu 7.5.0-3ubuntu1~18.04) version 7.5.0 (x86_64-linux-gnu)]
  ignore line: [	compiled by GNU C version 7.5.0  GMP version 6.1.2  MPFR version 4.0.1  MPC version 1.1.0  isl version isl-0.19-GMP]
  ignore line: []
  ignore line: [GGC heuristics: --param ggc-min-expand=100 --param ggc-min-heapsize=131072]
  ignore line: [ignoring nonexistent directory "/usr/local/include/x86_64-linux-gnu"]
  ignore line: [ignoring nonexistent directory "/usr/lib/gcc/x86_64-linux-gnu/7/../../../../x86_64-linux-gnu/include"]
  ignore line: [#include "..." search starts here:]
  ignore line: [#include <...> search starts here:]
  ignore line: [ /usr/lib/gcc/x86_64-linux-gnu/7/include]
  ignore line: [ /usr/local/include]
  ignore line: [ /usr/lib/gcc/x86_64-linux-gnu/7/include-fixed]
  ignore line: [ /usr/include/x86_64-linux-gnu]
  ignore line: [ /usr/include]
  ignore line: [End of search list.]
  ignore line: [GNU C11 (Ubuntu 7.5.0-3ubuntu1~18.04) version 7.5.0 (x86_64-linux-gnu)]
  ignore line: [	compiled by GNU C version 7.5.0  GMP version 6.1.2  MPFR version 4.0.1  MPC version 1.1.0  isl version isl-0.19-GMP]
  ignore line: []
  ignore line: [GGC heuristics: --param ggc-min-expand=100 --param ggc-min-heapsize=131072]
  ignore line: [Compiler executable checksum: b62ed4a2880cd4159476ea8293b72fa8]
  ignore line: [COLLECT_GCC_OPTIONS='-v' '-o' 'CMakeFiles/cmTC_a71a9.dir/CMakeCCompilerABI.c.o' '-c' '-mtune=generic' '-march=x86-64']
  ignore line: [ as -v --64 -o CMakeFiles/cmTC_a71a9.dir/CMakeCCompilerABI.c.o /tmp/ccCJLHIH.s]
  ignore line: [GNU assembler version 2.30 (x86_64-linux-gnu) using BFD version (GNU Binutils for Ubuntu) 2.30]
  ignore line: [COMPILER_PATH=/usr/lib/gcc/x86_64-linux-gnu/7/:/usr/lib/gcc/x86_64-linux-gnu/7/:/usr/lib/gcc/x86_64-linux-gnu/:/usr/lib/gcc/x86_64-linux-gnu/7/:/usr/lib/gcc/x86_64-linux-gnu/]
  ignore line: [LIBRARY_PATH=/usr/lib/gcc/x86_64-linux-gnu/7/:/usr/lib/gcc/x86_64-linux-gnu/7/../../../x86_64-linux-gnu/:/usr/lib/gcc/x86_64-linux-gnu/7/../../../../lib/:/lib/x86_64-linux-gnu/:/lib/../lib/:/usr/lib/x86_64-linux-gnu/:/usr/lib/../lib/:/usr/lib/gcc/x86_64-linux-gnu/7/../../../:/lib/:/usr/lib/]
  ignore line: [COLLECT_GCC_OPTIONS='-v' '-o' 'CMakeFiles/cmTC_a71a9.dir/CMakeCCompilerABI.c.o' '-c' '-mtune=generic' '-march=x86-64']
  ignore line: [Linking C executable cmTC_a71a9]
  ignore line: [/usr/local/bin/cmake -E cmake_link_script CMakeFiles/cmTC_a71a9.dir/link.txt --verbose=1]
  ignore line: [/usr/bin/cc     -v -rdynamic CMakeFiles/cmTC_a71a9.dir/CMakeCCompilerABI.c.o  -o cmTC_a71a9 ]
  ignore line: [Using built-in specs.]
  ignore line: [COLLECT_GCC=/usr/bin/cc]
  ignore line: [COLLECT_LTO_WRAPPER=/usr/lib/gcc/x86_64-linux-gnu/7/lto-wrapper]
  ignore line: [OFFLOAD_TARGET_NAMES=nvptx-none]
  ignore line: [OFFLOAD_TARGET_DEFAULT=1]
  ignore line: [Target: x86_64-linux-gnu]
  ignore line: [Configured with: ../src/configure -v --with-pkgversion='Ubuntu 7.5.0-3ubuntu1~18.04' --with-bugurl=file:///usr/share/doc/gcc-7/README.Bugs --enable-languages=c ada c++ go brig d fortran objc obj-c++ --prefix=/usr --with-gcc-major-version-only --program-suffix=-7 --program-prefix=x86_64-linux-gnu- --enable-shared --enable-linker-build-id --libexecdir=/usr/lib --without-included-gettext --enable-threads=posix --libdir=/usr/lib --enable-nls --enable-bootstrap --enable-clocale=gnu --enable-libstdcxx-debug --enable-libstdcxx-time=yes --with-default-libstdcxx-abi=new --enable-gnu-unique-object --disable-vtable-verify --enable-libmpx --enable-plugin --enable-default-pie --with-system-zlib --with-target-system-zlib --enable-objc-gc=auto --enable-multiarch --disable-werror --with-arch-32=i686 --with-abi=m64 --with-multilib-list=m32 m64 mx32 --enable-multilib --with-tune=generic --enable-offload-targets=nvptx-none --without-cuda-driver --enable-checking=release --build=x86_64-linux-gnu --host=x86_64-linux-gnu --target=x86_64-linux-gnu]
  ignore line: [Thread model: posix]
  ignore line: [gcc version 7.5.0 (Ubuntu 7.5.0-3ubuntu1~18.04) ]
  ignore line: [COMPILER_PATH=/usr/lib/gcc/x86_64-linux-gnu/7/:/usr/lib/gcc/x86_64-linux-gnu/7/:/usr/lib/gcc/x86_64-linux-gnu/:/usr/lib/gcc/x86_64-linux-gnu/7/:/usr/lib/gcc/x86_64-linux-gnu/]
  ignore line: [LIBRARY_PATH=/usr/lib/gcc/x86_64-linux-gnu/7/:/usr/lib/gcc/x86_64-linux-gnu/7/../../../x86_64-linux-gnu/:/usr/lib/gcc/x86_64-linux-gnu/7/../../../../lib/:/lib/x86_64-linux-gnu/:/lib/../lib/:/usr/lib/x86_64-linux-gnu/:/usr/lib/../lib/:/usr/lib/gcc/x86_64-linux-gnu/7/../../../:/lib/:/usr/lib/]
  ignore line: [COLLECT_GCC_OPTIONS='-v' '-rdynamic' '-o' 'cmTC_a71a9' '-mtune=generic' '-march=x86-64']
  link line: [ /usr/lib/gcc/x86_64-linux-gnu/7/collect2 -plugin /usr/lib/gcc/x86_64-linux-gnu/7/liblto_plugin.so -plugin-opt=/usr/lib/gcc/x86_64-linux-gnu/7/lto-wrapper -plugin-opt=-fresolution=/tmp/ccIrVfyG.res -plugin-opt=-pass-through=-lgcc -plugin-opt=-pass-through=-lgcc_s -plugin-opt=-pass-through=-lc -plugin-opt=-pass-through=-lgcc -plugin-opt=-pass-through=-lgcc_s --build-id --eh-frame-hdr -m elf_x86_64 --hash-style=gnu --as-needed -export-dynamic -dynamic-linker /lib64/ld-linux-x86-64.so.2 -pie -z now -z relro -o cmTC_a71a9 /usr/lib/gcc/x86_64-linux-gnu/7/../../../x86_64-linux-gnu/Scrt1.o /usr/lib/gcc/x86_64-linux-gnu/7/../../../x86_64-linux-gnu/crti.o /usr/lib/gcc/x86_64-linux-gnu/7/crtbeginS.o -L/usr/lib/gcc/x86_64-linux-gnu/7 -L/usr/lib/gcc/x86_64-linux-gnu/7/../../../x86_64-linux-gnu -L/usr/lib/gcc/x86_64-linux-gnu/7/../../../../lib -L/lib/x86_64-linux-gnu -L/lib/../lib -L/usr/lib/x86_64-linux-gnu -L/usr/lib/../lib -L/usr/lib/gcc/x86_64-linux-gnu/7/../../.. CMakeFiles/cmTC_a71a9.dir/CMakeCCompilerABI.c.o -lgcc --push-state --as-needed -lgcc_s --pop-state -lc -lgcc --push-state --as-needed -lgcc_s --pop-state /usr/lib/gcc/x86_64-linux-gnu/7/crtendS.o /usr/lib/gcc/x86_64-linux-gnu/7/../../../x86_64-linux-gnu/crtn.o]
    arg [/usr/lib/gcc/x86_64-linux-gnu/7/collect2] ==> ignore
    arg [-plugin] ==> ignore
    arg [/usr/lib/gcc/x86_64-linux-gnu/7/liblto_plugin.so] ==> ignore
    arg [-plugin-opt=/usr/lib/gcc/x86_64-linux-gnu/7/lto-wrapper] ==> ignore
    arg [-plugin-opt=-fresolution=/tmp/ccIrVfyG.res] ==> ignore
    arg [-plugin-opt=-pass-through=-lgcc] ==> ignore
    arg [-plugin-opt=-pass-through=-lgcc_s] ==> ignore
    arg [-plugin-opt=-pass-through=-lc] ==> ignore
    arg [-plugin-opt=-pass-through=-lgcc] ==> ignore
    arg [-plugin-opt=-pass-through=-lgcc_s] ==> ignore
    arg [--build-id] ==> ignore
    arg [--eh-frame-hdr] ==> ignore
    arg [-m] ==> ignore
    arg [elf_x86_64] ==> ignore
    arg [--hash-style=gnu] ==> ignore
    arg [--as-needed] ==> ignore
    arg [-export-dynamic] ==> ignore
    arg [-dynamic-linker] ==> ignore
    arg [/lib64/ld-linux-x86-64.so.2] ==> ignore
    arg [-pie] ==> ignore
    arg [-znow] ==> ignore
    arg [-zrelro] ==> ignore
    arg [-o] ==> ignore
    arg [cmTC_a71a9] ==> ignore
    arg [/usr/lib/gcc/x86_64-linux-gnu/7/../../../x86_64-linux-gnu/Scrt1.o] ==> ignore
    arg [/usr/lib/gcc/x86_64-linux-gnu/7/../../../x86_64-linux-gnu/crti.o] ==> ignore
    arg [/usr/lib/gcc/x86_64-linux-gnu/7/crtbeginS.o] ==> ignore
    arg [-L/usr/lib/gcc/x86_64-linux-gnu/7] ==> dir [/usr/lib/gcc/x86_64-linux-gnu/7]
    arg [-L/usr/lib/gcc/x86_64-linux-gnu/7/../../../x86_64-linux-gnu] ==> dir [/usr/lib/gcc/x86_64-linux-gnu/7/../../../x86_64-linux-gnu]
    arg [-L/usr/lib/gcc/x86_64-linux-gnu/7/../../../../lib] ==> dir [/usr/lib/gcc/x86_64-linux-gnu/7/../../../../lib]
    arg [-L/lib/x86_64-linux-gnu] ==> dir [/lib/x86_64-linux-gnu]
    arg [-L/lib/../lib] ==> dir [/lib/../lib]
    arg [-L/usr/lib/x86_64-linux-gnu] ==> dir [/usr/lib/x86_64-linux-gnu]
    arg [-L/usr/lib/../lib] ==> dir [/usr/lib/../lib]
    arg [-L/usr/lib/gcc/x86_64-linux-gnu/7/../../..] ==> dir [/usr/lib/gcc/x86_64-linux-gnu/7/../../..]
    arg [CMakeFiles/cmTC_a71a9.dir/CMakeCCompilerABI.c.o] ==> ignore
    arg [-lgcc] ==> lib [gcc]
    arg [--push-state] ==> ignore
    arg [--as-needed] ==> ignore
    arg [-lgcc_s] ==> lib [gcc_s]
    arg [--pop-state] ==> ignore
    arg [-lc] ==> lib [c]
    arg [-lgcc] ==> lib [gcc]
    arg [--push-state] ==> ignore
    arg [--as-needed] ==> ignore
    arg [-lgcc_s] ==> lib [gcc_s]
    arg [--pop-state] ==> ignore
    arg [/usr/lib/gcc/x86_64-linux-gnu/7/crtendS.o] ==> ignore
    arg [/usr/lib/gcc/x86_64-linux-gnu/7/../../../x86_64-linux-gnu/crtn.o] ==> ignore
  collapse library dir [/usr/lib/gcc/x86_64-linux-gnu/7] ==> [/usr/lib/gcc/x86_64-linux-gnu/7]
  collapse library dir [/usr/lib/gcc/x86_64-linux-gnu/7/../../../x86_64-linux-gnu] ==> [/usr/lib/x86_64-linux-gnu]
  collapse library dir [/usr/lib/gcc/x86_64-linux-gnu/7/../../../../lib] ==> [/usr/lib]
  collapse library dir [/lib/x86_64-linux-gnu] ==> [/lib/x86_64-linux-gnu]
  collapse library dir [/lib/../lib] ==> [/lib]
  collapse library dir [/usr/lib/x86_64-linux-gnu] ==> [/usr/lib/x86_64-linux-gnu]
  collapse library dir [/usr/lib/../lib] ==> [/usr/lib]
  collapse library dir [/usr/lib/gcc/x86_64-linux-gnu/7/../../..] ==> [/usr/lib]
  implicit libs: [gcc;gcc_s;c;gcc;gcc_s]
  implicit dirs: [/usr/lib/gcc/x86_64-linux-gnu/7;/usr/lib/x86_64-linux-gnu;/usr/lib;/lib/x86_64-linux-gnu;/lib]
  implicit fwks: []


Determining if the function explicit_bzero exists passed with the following output:
Change Dir: /home/blackreaper/Documents/6th Sem/LBP/Shell/libzip-1.7.3/build/CMakeFiles/CMakeTmp

Run Build Command(s):/usr/bin/make cmTC_1c40c/fast && /usr/bin/make -f CMakeFiles/cmTC_1c40c.dir/build.make CMakeFiles/cmTC_1c40c.dir/build
make[1]: Entering directory '/home/blackreaper/Documents/6th Sem/LBP/Shell/libzip-1.7.3/build/CMakeFiles/CMakeTmp'
Building C object CMakeFiles/cmTC_1c40c.dir/CheckFunctionExists.c.o
/usr/bin/cc   -DCHECK_FUNCTION_EXISTS=explicit_bzero   -o CMakeFiles/cmTC_1c40c.dir/CheckFunctionExists.c.o   -c /usr/local/share/cmake-3.17/Modules/CheckFunctionExists.c
Linking C executable cmTC_1c40c
/usr/local/bin/cmake -E cmake_link_script CMakeFiles/cmTC_1c40c.dir/link.txt --verbose=1
/usr/bin/cc  -DCHECK_FUNCTION_EXISTS=explicit_bzero    -rdynamic CMakeFiles/cmTC_1c40c.dir/CheckFunctionExists.c.o  -o cmTC_1c40c 
make[1]: Leaving directory '/home/blackreaper/Documents/6th Sem/LBP/Shell/libzip-1.7.3/build/CMakeFiles/CMakeTmp'



Determining if the function fileno exists passed with the following output:
Change Dir: /home/blackreaper/Documents/6th Sem/LBP/Shell/libzip-1.7.3/build/CMakeFiles/CMakeTmp

Run Build Command(s):/usr/bin/make cmTC_eab2f/fast && /usr/bin/make -f CMakeFiles/cmTC_eab2f.dir/build.make CMakeFiles/cmTC_eab2f.dir/build
make[1]: Entering directory '/home/blackreaper/Documents/6th Sem/LBP/Shell/libzip-1.7.3/build/CMakeFiles/CMakeTmp'
Building C object CMakeFiles/cmTC_eab2f.dir/CheckFunctionExists.c.o
/usr/bin/cc   -DCHECK_FUNCTION_EXISTS=fileno   -o CMakeFiles/cmTC_eab2f.dir/CheckFunctionExists.c.o   -c /usr/local/share/cmake-3.17/Modules/CheckFunctionExists.c
Linking C executable cmTC_eab2f
/usr/local/bin/cmake -E cmake_link_script CMakeFiles/cmTC_eab2f.dir/link.txt --verbose=1
/usr/bin/cc  -DCHECK_FUNCTION_EXISTS=fileno    -rdynamic CMakeFiles/cmTC_eab2f.dir/CheckFunctionExists.c.o  -o cmTC_eab2f 
make[1]: Leaving directory '/home/blackreaper/Documents/6th Sem/LBP/Shell/libzip-1.7.3/build/CMakeFiles/CMakeTmp'



Determining if the function fseeko exists passed with the following output:
Change Dir: /home/blackreaper/Documents/6th Sem/LBP/Shell/libzip-1.7.3/build/CMakeFiles/CMakeTmp

Run Build Command(s):/usr/bin/make cmTC_027e5/fast && /usr/bin/make -f CMakeFiles/cmTC_027e5.dir/build.make CMakeFiles/cmTC_027e5.dir/build
make[1]: Entering directory '/home/blackreaper/Documents/6th Sem/LBP/Shell/libzip-1.7.3/build/CMakeFiles/CMakeTmp'
Building C object CMakeFiles/cmTC_027e5.dir/CheckFunctionExists.c.o
/usr/bin/cc   -DCHECK_FUNCTION_EXISTS=fseeko   -o CMakeFiles/cmTC_027e5.dir/CheckFunctionExists.c.o   -c /usr/local/share/cmake-3.17/Modules/CheckFunctionExists.c
Linking C executable cmTC_027e5
/usr/local/bin/cmake -E cmake_link_script CMakeFiles/cmTC_027e5.dir/link.txt --verbose=1
/usr/bin/cc  -DCHECK_FUNCTION_EXISTS=fseeko    -rdynamic CMakeFiles/cmTC_027e5.dir/CheckFunctionExists.c.o  -o cmTC_027e5 
make[1]: Leaving directory '/home/blackreaper/Documents/6th Sem/LBP/Shell/libzip-1.7.3/build/CMakeFiles/CMakeTmp'



Determining if the function ftello exists passed with the following output:
Change Dir: /home/blackreaper/Documents/6th Sem/LBP/Shell/libzip-1.7.3/build/CMakeFiles/CMakeTmp

Run Build Command(s):/usr/bin/make cmTC_45722/fast && /usr/bin/make -f CMakeFiles/cmTC_45722.dir/build.make CMakeFiles/cmTC_45722.dir/build
make[1]: Entering directory '/home/blackreaper/Documents/6th Sem/LBP/Shell/libzip-1.7.3/build/CMakeFiles/CMakeTmp'
Building C object CMakeFiles/cmTC_45722.dir/CheckFunctionExists.c.o
/usr/bin/cc   -DCHECK_FUNCTION_EXISTS=ftello   -o CMakeFiles/cmTC_45722.dir/CheckFunctionExists.c.o   -c /usr/local/share/cmake-3.17/Modules/CheckFunctionExists.c
Linking C executable cmTC_45722
/usr/local/bin/cmake -E cmake_link_script CMakeFiles/cmTC_45722.dir/link.txt --verbose=1
/usr/bin/cc  -DCHECK_FUNCTION_EXISTS=ftello    -rdynamic CMakeFiles/cmTC_45722.dir/CheckFunctionExists.c.o  -o cmTC_45722 
make[1]: Leaving directory '/home/blackreaper/Documents/6th Sem/LBP/Shell/libzip-1.7.3/build/CMakeFiles/CMakeTmp'



Determining if the function localtime_r exists passed with the following output:
Change Dir: /home/blackreaper/Documents/6th Sem/LBP/Shell/libzip-1.7.3/build/CMakeFiles/CMakeTmp

Run Build Command(s):/usr/bin/make cmTC_70aff/fast && /usr/bin/make -f CMakeFiles/cmTC_70aff.dir/build.make CMakeFiles/cmTC_70aff.dir/build
make[1]: Entering directory '/home/blackreaper/Documents/6th Sem/LBP/Shell/libzip-1.7.3/build/CMakeFiles/CMakeTmp'
Building C object CMakeFiles/cmTC_70aff.dir/CheckFunctionExists.c.o
/usr/bin/cc   -DCHECK_FUNCTION_EXISTS=localtime_r   -o CMakeFiles/cmTC_70aff.dir/CheckFunctionExists.c.o   -c /usr/local/share/cmake-3.17/Modules/CheckFunctionExists.c
Linking C executable cmTC_70aff
/usr/local/bin/cmake -E cmake_link_script CMakeFiles/cmTC_70aff.dir/link.txt --verbose=1
/usr/bin/cc  -DCHECK_FUNCTION_EXISTS=localtime_r    -rdynamic CMakeFiles/cmTC_70aff.dir/CheckFunctionExists.c.o  -o cmTC_70aff 
make[1]: Leaving directory '/home/blackreaper/Documents/6th Sem/LBP/Shell/libzip-1.7.3/build/CMakeFiles/CMakeTmp'



Determining if the function snprintf exists passed with the following output:
Change Dir: /home/blackreaper/Documents/6th Sem/LBP/Shell/libzip-1.7.3/build/CMakeFiles/CMakeTmp

Run Build Command(s):/usr/bin/make cmTC_a29b0/fast && /usr/bin/make -f CMakeFiles/cmTC_a29b0.dir/build.make CMakeFiles/cmTC_a29b0.dir/build
make[1]: Entering directory '/home/blackreaper/Documents/6th Sem/LBP/Shell/libzip-1.7.3/build/CMakeFiles/CMakeTmp'
Building C object CMakeFiles/cmTC_a29b0.dir/CheckFunctionExists.c.o
/usr/bin/cc   -DCHECK_FUNCTION_EXISTS=snprintf   -o CMakeFiles/cmTC_a29b0.dir/CheckFunctionExists.c.o   -c /usr/local/share/cmake-3.17/Modules/CheckFunctionExists.c
<command-line>:0:23: warning: conflicting types for built-in function ‘snprintf’ [-Wbuiltin-declaration-mismatch]
/usr/local/share/cmake-3.17/Modules/CheckFunctionExists.c:7:3: note: in expansion of macro ‘CHECK_FUNCTION_EXISTS’
   CHECK_FUNCTION_EXISTS(void);
   ^~~~~~~~~~~~~~~~~~~~~
Linking C executable cmTC_a29b0
/usr/local/bin/cmake -E cmake_link_script CMakeFiles/cmTC_a29b0.dir/link.txt --verbose=1
/usr/bin/cc  -DCHECK_FUNCTION_EXISTS=snprintf    -rdynamic CMakeFiles/cmTC_a29b0.dir/CheckFunctionExists.c.o  -o cmTC_a29b0 
make[1]: Leaving directory '/home/blackreaper/Documents/6th Sem/LBP/Shell/libzip-1.7.3/build/CMakeFiles/CMakeTmp'



Determining if the function strcasecmp exists passed with the following output:
Change Dir: /home/blackreaper/Documents/6th Sem/LBP/Shell/libzip-1.7.3/build/CMakeFiles/CMakeTmp

Run Build Command(s):/usr/bin/make cmTC_2a9e3/fast && /usr/bin/make -f CMakeFiles/cmTC_2a9e3.dir/build.make CMakeFiles/cmTC_2a9e3.dir/build
make[1]: Entering directory '/home/blackreaper/Documents/6th Sem/LBP/Shell/libzip-1.7.3/build/CMakeFiles/CMakeTmp'
Building C object CMakeFiles/cmTC_2a9e3.dir/CheckFunctionExists.c.o
/usr/bin/cc   -DCHECK_FUNCTION_EXISTS=strcasecmp   -o CMakeFiles/cmTC_2a9e3.dir/CheckFunctionExists.c.o   -c /usr/local/share/cmake-3.17/Modules/CheckFunctionExists.c
<command-line>:0:23: warning: conflicting types for built-in function ‘strcasecmp’ [-Wbuiltin-declaration-mismatch]
/usr/local/share/cmake-3.17/Modules/CheckFunctionExists.c:7:3: note: in expansion of macro ‘CHECK_FUNCTION_EXISTS’
   CHECK_FUNCTION_EXISTS(void);
   ^~~~~~~~~~~~~~~~~~~~~
Linking C executable cmTC_2a9e3
/usr/local/bin/cmake -E cmake_link_script CMakeFiles/cmTC_2a9e3.dir/link.txt --verbose=1
/usr/bin/cc  -DCHECK_FUNCTION_EXISTS=strcasecmp    -rdynamic CMakeFiles/cmTC_2a9e3.dir/CheckFunctionExists.c.o  -o cmTC_2a9e3 
make[1]: Leaving directory '/home/blackreaper/Documents/6th Sem/LBP/Shell/libzip-1.7.3/build/CMakeFiles/CMakeTmp'



Determining if the function strdup exists passed with the following output:
Change Dir: /home/blackreaper/Documents/6th Sem/LBP/Shell/libzip-1.7.3/build/CMakeFiles/CMakeTmp

Run Build Command(s):/usr/bin/make cmTC_4b7ca/fast && /usr/bin/make -f CMakeFiles/cmTC_4b7ca.dir/build.make CMakeFiles/cmTC_4b7ca.dir/build
make[1]: Entering directory '/home/blackreaper/Documents/6th Sem/LBP/Shell/libzip-1.7.3/build/CMakeFiles/CMakeTmp'
Building C object CMakeFiles/cmTC_4b7ca.dir/CheckFunctionExists.c.o
/usr/bin/cc   -DCHECK_FUNCTION_EXISTS=strdup   -o CMakeFiles/cmTC_4b7ca.dir/CheckFunctionExists.c.o   -c /usr/local/share/cmake-3.17/Modules/CheckFunctionExists.c
<command-line>:0:23: warning: conflicting types for built-in function ‘strdup’ [-Wbuiltin-declaration-mismatch]
/usr/local/share/cmake-3.17/Modules/CheckFunctionExists.c:7:3: note: in expansion of macro ‘CHECK_FUNCTION_EXISTS’
   CHECK_FUNCTION_EXISTS(void);
   ^~~~~~~~~~~~~~~~~~~~~
Linking C executable cmTC_4b7ca
/usr/local/bin/cmake -E cmake_link_script CMakeFiles/cmTC_4b7ca.dir/link.txt --verbose=1
/usr/bin/cc  -DCHECK_FUNCTION_EXISTS=strdup    -rdynamic CMakeFiles/cmTC_4b7ca.dir/CheckFunctionExists.c.o  -o cmTC_4b7ca 
make[1]: Leaving directory '/home/blackreaper/Documents/6th Sem/LBP/Shell/libzip-1.7.3/build/CMakeFiles/CMakeTmp'



Determining if the function strtoll exists passed with the following output:
Change Dir: /home/blackreaper/Documents/6th Sem/LBP/Shell/libzip-1.7.3/build/CMakeFiles/CMakeTmp

Run Build Command(s):/usr/bin/make cmTC_4e421/fast && /usr/bin/make -f CMakeFiles/cmTC_4e421.dir/build.make CMakeFiles/cmTC_4e421.dir/build
make[1]: Entering directory '/home/blackreaper/Documents/6th Sem/LBP/Shell/libzip-1.7.3/build/CMakeFiles/CMakeTmp'
Building C object CMakeFiles/cmTC_4e421.dir/CheckFunctionExists.c.o
/usr/bin/cc   -DCHECK_FUNCTION_EXISTS=strtoll   -o CMakeFiles/cmTC_4e421.dir/CheckFunctionExists.c.o   -c /usr/local/share/cmake-3.17/Modules/CheckFunctionExists.c
Linking C executable cmTC_4e421
/usr/local/bin/cmake -E cmake_link_script CMakeFiles/cmTC_4e421.dir/link.txt --verbose=1
/usr/bin/cc  -DCHECK_FUNCTION_EXISTS=strtoll    -rdynamic CMakeFiles/cmTC_4e421.dir/CheckFunctionExists.c.o  -o cmTC_4e421 
make[1]: Leaving directory '/home/blackreaper/Documents/6th Sem/LBP/Shell/libzip-1.7.3/build/CMakeFiles/CMakeTmp'



Determining if the function strtoull exists passed with the following output:
Change Dir: /home/blackreaper/Documents/6th Sem/LBP/Shell/libzip-1.7.3/build/CMakeFiles/CMakeTmp

Run Build Command(s):/usr/bin/make cmTC_eccbf/fast && /usr/bin/make -f CMakeFiles/cmTC_eccbf.dir/build.make CMakeFiles/cmTC_eccbf.dir/build
make[1]: Entering directory '/home/blackreaper/Documents/6th Sem/LBP/Shell/libzip-1.7.3/build/CMakeFiles/CMakeTmp'
Building C object CMakeFiles/cmTC_eccbf.dir/CheckFunctionExists.c.o
/usr/bin/cc   -DCHECK_FUNCTION_EXISTS=strtoull   -o CMakeFiles/cmTC_eccbf.dir/CheckFunctionExists.c.o   -c /usr/local/share/cmake-3.17/Modules/CheckFunctionExists.c
Linking C executable cmTC_eccbf
/usr/local/bin/cmake -E cmake_link_script CMakeFiles/cmTC_eccbf.dir/link.txt --verbose=1
/usr/bin/cc  -DCHECK_FUNCTION_EXISTS=strtoull    -rdynamic CMakeFiles/cmTC_eccbf.dir/CheckFunctionExists.c.o  -o cmTC_eccbf 
make[1]: Leaving directory '/home/blackreaper/Documents/6th Sem/LBP/Shell/libzip-1.7.3/build/CMakeFiles/CMakeTmp'



Determining if files sys/types.h;sys/stat.h;fts.h exist passed with the following output:
Change Dir: /home/blackreaper/Documents/6th Sem/LBP/Shell/libzip-1.7.3/build/CMakeFiles/CMakeTmp

Run Build Command(s):/usr/bin/make cmTC_7e7dd/fast && /usr/bin/make -f CMakeFiles/cmTC_7e7dd.dir/build.make CMakeFiles/cmTC_7e7dd.dir/build
make[1]: Entering directory '/home/blackreaper/Documents/6th Sem/LBP/Shell/libzip-1.7.3/build/CMakeFiles/CMakeTmp'
Building C object CMakeFiles/cmTC_7e7dd.dir/HAVE_FTS_H.c.o
/usr/bin/cc    -o CMakeFiles/cmTC_7e7dd.dir/HAVE_FTS_H.c.o   -c "/home/blackreaper/Documents/6th Sem/LBP/Shell/libzip-1.7.3/build/CMakeFiles/CheckIncludeFiles/HAVE_FTS_H.c"
Linking C executable cmTC_7e7dd
/usr/local/bin/cmake -E cmake_link_script CMakeFiles/cmTC_7e7dd.dir/link.txt --verbose=1
/usr/bin/cc      -rdynamic CMakeFiles/cmTC_7e7dd.dir/HAVE_FTS_H.c.o  -o cmTC_7e7dd 
make[1]: Leaving directory '/home/blackreaper/Documents/6th Sem/LBP/Shell/libzip-1.7.3/build/CMakeFiles/CMakeTmp'



Determining if the function fts_open exists passed with the following output:
Change Dir: /home/blackreaper/Documents/6th Sem/LBP/Shell/libzip-1.7.3/build/CMakeFiles/CMakeTmp

Run Build Command(s):/usr/bin/make cmTC_344b1/fast && /usr/bin/make -f CMakeFiles/cmTC_344b1.dir/build.make CMakeFiles/cmTC_344b1.dir/build
make[1]: Entering directory '/home/blackreaper/Documents/6th Sem/LBP/Shell/libzip-1.7.3/build/CMakeFiles/CMakeTmp'
Building C object CMakeFiles/cmTC_344b1.dir/CheckFunctionExists.c.o
/usr/bin/cc   -DCHECK_FUNCTION_EXISTS=fts_open   -o CMakeFiles/cmTC_344b1.dir/CheckFunctionExists.c.o   -c /usr/local/share/cmake-3.17/Modules/CheckFunctionExists.c
Linking C executable cmTC_344b1
/usr/local/bin/cmake -E cmake_link_script CMakeFiles/cmTC_344b1.dir/link.txt --verbose=1
/usr/bin/cc  -DCHECK_FUNCTION_EXISTS=fts_open    -rdynamic CMakeFiles/cmTC_344b1.dir/CheckFunctionExists.c.o  -o cmTC_344b1 
make[1]: Leaving directory '/home/blackreaper/Documents/6th Sem/LBP/Shell/libzip-1.7.3/build/CMakeFiles/CMakeTmp'



Determining if files stdbool.h exist passed with the following output:
Change Dir: /home/blackreaper/Documents/6th Sem/LBP/Shell/libzip-1.7.3/build/CMakeFiles/CMakeTmp

Run Build Command(s):/usr/bin/make cmTC_3cec1/fast && /usr/bin/make -f CMakeFiles/cmTC_3cec1.dir/build.make CMakeFiles/cmTC_3cec1.dir/build
make[1]: Entering directory '/home/blackreaper/Documents/6th Sem/LBP/Shell/libzip-1.7.3/build/CMakeFiles/CMakeTmp'
Building C object CMakeFiles/cmTC_3cec1.dir/HAVE_STDBOOL_H.c.o
/usr/bin/cc    -o CMakeFiles/cmTC_3cec1.dir/HAVE_STDBOOL_H.c.o   -c "/home/blackreaper/Documents/6th Sem/LBP/Shell/libzip-1.7.3/build/CMakeFiles/CheckIncludeFiles/HAVE_STDBOOL_H.c"
Linking C executable cmTC_3cec1
/usr/local/bin/cmake -E cmake_link_script CMakeFiles/cmTC_3cec1.dir/link.txt --verbose=1
/usr/bin/cc      -rdynamic CMakeFiles/cmTC_3cec1.dir/HAVE_STDBOOL_H.c.o  -o cmTC_3cec1 
make[1]: Leaving directory '/home/blackreaper/Documents/6th Sem/LBP/Shell/libzip-1.7.3/build/CMakeFiles/CMakeTmp'



Determining if files strings.h exist passed with the following output:
Change Dir: /home/blackreaper/Documents/6th Sem/LBP/Shell/libzip-1.7.3/build/CMakeFiles/CMakeTmp

Run Build Command(s):/usr/bin/make cmTC_4bedb/fast && /usr/bin/make -f CMakeFiles/cmTC_4bedb.dir/build.make CMakeFiles/cmTC_4bedb.dir/build
make[1]: Entering directory '/home/blackreaper/Documents/6th Sem/LBP/Shell/libzip-1.7.3/build/CMakeFiles/CMakeTmp'
Building C object CMakeFiles/cmTC_4bedb.dir/HAVE_STRINGS_H.c.o
/usr/bin/cc    -o CMakeFiles/cmTC_4bedb.dir/HAVE_STRINGS_H.c.o   -c "/home/blackreaper/Documents/6th Sem/LBP/Shell/libzip-1.7.3/build/CMakeFiles/CheckIncludeFiles/HAVE_STRINGS_H.c"
Linking C executable cmTC_4bedb
/usr/local/bin/cmake -E cmake_link_script CMakeFiles/cmTC_4bedb.dir/link.txt --verbose=1
/usr/bin/cc      -rdynamic CMakeFiles/cmTC_4bedb.dir/HAVE_STRINGS_H.c.o  -o cmTC_4bedb 
make[1]: Leaving directory '/home/blackreaper/Documents/6th Sem/LBP/Shell/libzip-1.7.3/build/CMakeFiles/CMakeTmp'



Determining if files unistd.h exist passed with the following output:
Change Dir: /home/blackreaper/Documents/6th Sem/LBP/Shell/libzip-1.7.3/build/CMakeFiles/CMakeTmp

Run Build Command(s):/usr/bin/make cmTC_83ada/fast && /usr/bin/make -f CMakeFiles/cmTC_83ada.dir/build.make CMakeFiles/cmTC_83ada.dir/build
make[1]: Entering directory '/home/blackreaper/Documents/6th Sem/LBP/Shell/libzip-1.7.3/build/CMakeFiles/CMakeTmp'
Building C object CMakeFiles/cmTC_83ada.dir/HAVE_UNISTD_H.c.o
/usr/bin/cc    -o CMakeFiles/cmTC_83ada.dir/HAVE_UNISTD_H.c.o   -c "/home/blackreaper/Documents/6th Sem/LBP/Shell/libzip-1.7.3/build/CMakeFiles/CheckIncludeFiles/HAVE_UNISTD_H.c"
Linking C executable cmTC_83ada
/usr/local/bin/cmake -E cmake_link_script CMakeFiles/cmTC_83ada.dir/link.txt --verbose=1
/usr/bin/cc      -rdynamic CMakeFiles/cmTC_83ada.dir/HAVE_UNISTD_H.c.o  -o cmTC_83ada 
make[1]: Leaving directory '/home/blackreaper/Documents/6th Sem/LBP/Shell/libzip-1.7.3/build/CMakeFiles/CMakeTmp'



Determining if files inttypes.h exist passed with the following output:
Change Dir: /home/blackreaper/Documents/6th Sem/LBP/Shell/libzip-1.7.3/build/CMakeFiles/CMakeTmp

Run Build Command(s):/usr/bin/make cmTC_b5ae6/fast && /usr/bin/make -f CMakeFiles/cmTC_b5ae6.dir/build.make CMakeFiles/cmTC_b5ae6.dir/build
make[1]: Entering directory '/home/blackreaper/Documents/6th Sem/LBP/Shell/libzip-1.7.3/build/CMakeFiles/CMakeTmp'
Building C object CMakeFiles/cmTC_b5ae6.dir/HAVE_INTTYPES_H_LIBZIP.c.o
/usr/bin/cc    -o CMakeFiles/cmTC_b5ae6.dir/HAVE_INTTYPES_H_LIBZIP.c.o   -c "/home/blackreaper/Documents/6th Sem/LBP/Shell/libzip-1.7.3/build/CMakeFiles/CheckIncludeFiles/HAVE_INTTYPES_H_LIBZIP.c"
Linking C executable cmTC_b5ae6
/usr/local/bin/cmake -E cmake_link_script CMakeFiles/cmTC_b5ae6.dir/link.txt --verbose=1
/usr/bin/cc      -rdynamic CMakeFiles/cmTC_b5ae6.dir/HAVE_INTTYPES_H_LIBZIP.c.o  -o cmTC_b5ae6 
make[1]: Leaving directory '/home/blackreaper/Documents/6th Sem/LBP/Shell/libzip-1.7.3/build/CMakeFiles/CMakeTmp'



Determining if files stdint.h exist passed with the following output:
Change Dir: /home/blackreaper/Documents/6th Sem/LBP/Shell/libzip-1.7.3/build/CMakeFiles/CMakeTmp

Run Build Command(s):/usr/bin/make cmTC_47f72/fast && /usr/bin/make -f CMakeFiles/cmTC_47f72.dir/build.make CMakeFiles/cmTC_47f72.dir/build
make[1]: Entering directory '/home/blackreaper/Documents/6th Sem/LBP/Shell/libzip-1.7.3/build/CMakeFiles/CMakeTmp'
Building C object CMakeFiles/cmTC_47f72.dir/HAVE_STDINT_H_LIBZIP.c.o
/usr/bin/cc    -o CMakeFiles/cmTC_47f72.dir/HAVE_STDINT_H_LIBZIP.c.o   -c "/home/blackreaper/Documents/6th Sem/LBP/Shell/libzip-1.7.3/build/CMakeFiles/CheckIncludeFiles/HAVE_STDINT_H_LIBZIP.c"
Linking C executable cmTC_47f72
/usr/local/bin/cmake -E cmake_link_script CMakeFiles/cmTC_47f72.dir/link.txt --verbose=1
/usr/bin/cc      -rdynamic CMakeFiles/cmTC_47f72.dir/HAVE_STDINT_H_LIBZIP.c.o  -o cmTC_47f72 
make[1]: Leaving directory '/home/blackreaper/Documents/6th Sem/LBP/Shell/libzip-1.7.3/build/CMakeFiles/CMakeTmp'



Determining if files sys/types.h exist passed with the following output:
Change Dir: /home/blackreaper/Documents/6th Sem/LBP/Shell/libzip-1.7.3/build/CMakeFiles/CMakeTmp

Run Build Command(s):/usr/bin/make cmTC_cb099/fast && /usr/bin/make -f CMakeFiles/cmTC_cb099.dir/build.make CMakeFiles/cmTC_cb099.dir/build
make[1]: Entering directory '/home/blackreaper/Documents/6th Sem/LBP/Shell/libzip-1.7.3/build/CMakeFiles/CMakeTmp'
Building C object CMakeFiles/cmTC_cb099.dir/HAVE_SYS_TYPES_H_LIBZIP.c.o
/usr/bin/cc    -o CMakeFiles/cmTC_cb099.dir/HAVE_SYS_TYPES_H_LIBZIP.c.o   -c "/home/blackreaper/Documents/6th Sem/LBP/Shell/libzip-1.7.3/build/CMakeFiles/CheckIncludeFiles/HAVE_SYS_TYPES_H_LIBZIP.c"
Linking C executable cmTC_cb099
/usr/local/bin/cmake -E cmake_link_script CMakeFiles/cmTC_cb099.dir/link.txt --verbose=1
/usr/bin/cc      -rdynamic CMakeFiles/cmTC_cb099.dir/HAVE_SYS_TYPES_H_LIBZIP.c.o  -o cmTC_cb099 
make[1]: Leaving directory '/home/blackreaper/Documents/6th Sem/LBP/Shell/libzip-1.7.3/build/CMakeFiles/CMakeTmp'



Determining if the include file sys/types.h exists passed with the following output:
Change Dir: /home/blackreaper/Documents/6th Sem/LBP/Shell/libzip-1.7.3/build/CMakeFiles/CMakeTmp

Run Build Command(s):/usr/bin/make cmTC_4a775/fast && /usr/bin/make -f CMakeFiles/cmTC_4a775.dir/build.make CMakeFiles/cmTC_4a775.dir/build
make[1]: Entering directory '/home/blackreaper/Documents/6th Sem/LBP/Shell/libzip-1.7.3/build/CMakeFiles/CMakeTmp'
Building C object CMakeFiles/cmTC_4a775.dir/CheckIncludeFile.c.o
/usr/bin/cc    -o CMakeFiles/cmTC_4a775.dir/CheckIncludeFile.c.o   -c "/home/blackreaper/Documents/6th Sem/LBP/Shell/libzip-1.7.3/build/CMakeFiles/CMakeTmp/CheckIncludeFile.c"
Linking C executable cmTC_4a775
/usr/local/bin/cmake -E cmake_link_script CMakeFiles/cmTC_4a775.dir/link.txt --verbose=1
/usr/bin/cc      -rdynamic CMakeFiles/cmTC_4a775.dir/CheckIncludeFile.c.o  -o cmTC_4a775 
make[1]: Leaving directory '/home/blackreaper/Documents/6th Sem/LBP/Shell/libzip-1.7.3/build/CMakeFiles/CMakeTmp'



Determining if the include file stdint.h exists passed with the following output:
Change Dir: /home/blackreaper/Documents/6th Sem/LBP/Shell/libzip-1.7.3/build/CMakeFiles/CMakeTmp

Run Build Command(s):/usr/bin/make cmTC_6d809/fast && /usr/bin/make -f CMakeFiles/cmTC_6d809.dir/build.make CMakeFiles/cmTC_6d809.dir/build
make[1]: Entering directory '/home/blackreaper/Documents/6th Sem/LBP/Shell/libzip-1.7.3/build/CMakeFiles/CMakeTmp'
Building C object CMakeFiles/cmTC_6d809.dir/CheckIncludeFile.c.o
/usr/bin/cc    -o CMakeFiles/cmTC_6d809.dir/CheckIncludeFile.c.o   -c "/home/blackreaper/Documents/6th Sem/LBP/Shell/libzip-1.7.3/build/CMakeFiles/CMakeTmp/CheckIncludeFile.c"
Linking C executable cmTC_6d809
/usr/local/bin/cmake -E cmake_link_script CMakeFiles/cmTC_6d809.dir/link.txt --verbose=1
/usr/bin/cc      -rdynamic CMakeFiles/cmTC_6d809.dir/CheckIncludeFile.c.o  -o cmTC_6d809 
make[1]: Leaving directory '/home/blackreaper/Documents/6th Sem/LBP/Shell/libzip-1.7.3/build/CMakeFiles/CMakeTmp'



Determining if the include file stddef.h exists passed with the following output:
Change Dir: /home/blackreaper/Documents/6th Sem/LBP/Shell/libzip-1.7.3/build/CMakeFiles/CMakeTmp

Run Build Command(s):/usr/bin/make cmTC_ee92e/fast && /usr/bin/make -f CMakeFiles/cmTC_ee92e.dir/build.make CMakeFiles/cmTC_ee92e.dir/build
make[1]: Entering directory '/home/blackreaper/Documents/6th Sem/LBP/Shell/libzip-1.7.3/build/CMakeFiles/CMakeTmp'
Building C object CMakeFiles/cmTC_ee92e.dir/CheckIncludeFile.c.o
/usr/bin/cc    -o CMakeFiles/cmTC_ee92e.dir/CheckIncludeFile.c.o   -c "/home/blackreaper/Documents/6th Sem/LBP/Shell/libzip-1.7.3/build/CMakeFiles/CMakeTmp/CheckIncludeFile.c"
Linking C executable cmTC_ee92e
/usr/local/bin/cmake -E cmake_link_script CMakeFiles/cmTC_ee92e.dir/link.txt --verbose=1
/usr/bin/cc      -rdynamic CMakeFiles/cmTC_ee92e.dir/CheckIncludeFile.c.o  -o cmTC_ee92e 
make[1]: Leaving directory '/home/blackreaper/Documents/6th Sem/LBP/Shell/libzip-1.7.3/build/CMakeFiles/CMakeTmp'



Determining size of int8_t passed with the following output:
Change Dir: /home/blackreaper/Documents/6th Sem/LBP/Shell/libzip-1.7.3/build/CMakeFiles/CMakeTmp

Run Build Command(s):/usr/bin/make cmTC_d6043/fast && /usr/bin/make -f CMakeFiles/cmTC_d6043.dir/build.make CMakeFiles/cmTC_d6043.dir/build
make[1]: Entering directory '/home/blackreaper/Documents/6th Sem/LBP/Shell/libzip-1.7.3/build/CMakeFiles/CMakeTmp'
Building C object CMakeFiles/cmTC_d6043.dir/INT8_T_LIBZIP.c.o
/usr/bin/cc    -o CMakeFiles/cmTC_d6043.dir/INT8_T_LIBZIP.c.o   -c "/home/blackreaper/Documents/6th Sem/LBP/Shell/libzip-1.7.3/build/CMakeFiles/CheckTypeSize/INT8_T_LIBZIP.c"
Linking C executable cmTC_d6043
/usr/local/bin/cmake -E cmake_link_script CMakeFiles/cmTC_d6043.dir/link.txt --verbose=1
/usr/bin/cc      -rdynamic CMakeFiles/cmTC_d6043.dir/INT8_T_LIBZIP.c.o  -o cmTC_d6043 
make[1]: Leaving directory '/home/blackreaper/Documents/6th Sem/LBP/Shell/libzip-1.7.3/build/CMakeFiles/CMakeTmp'



Determining size of uint8_t passed with the following output:
Change Dir: /home/blackreaper/Documents/6th Sem/LBP/Shell/libzip-1.7.3/build/CMakeFiles/CMakeTmp

Run Build Command(s):/usr/bin/make cmTC_bdb1d/fast && /usr/bin/make -f CMakeFiles/cmTC_bdb1d.dir/build.make CMakeFiles/cmTC_bdb1d.dir/build
make[1]: Entering directory '/home/blackreaper/Documents/6th Sem/LBP/Shell/libzip-1.7.3/build/CMakeFiles/CMakeTmp'
Building C object CMakeFiles/cmTC_bdb1d.dir/UINT8_T_LIBZIP.c.o
/usr/bin/cc    -o CMakeFiles/cmTC_bdb1d.dir/UINT8_T_LIBZIP.c.o   -c "/home/blackreaper/Documents/6th Sem/LBP/Shell/libzip-1.7.3/build/CMakeFiles/CheckTypeSize/UINT8_T_LIBZIP.c"
Linking C executable cmTC_bdb1d
/usr/local/bin/cmake -E cmake_link_script CMakeFiles/cmTC_bdb1d.dir/link.txt --verbose=1
/usr/bin/cc      -rdynamic CMakeFiles/cmTC_bdb1d.dir/UINT8_T_LIBZIP.c.o  -o cmTC_bdb1d 
make[1]: Leaving directory '/home/blackreaper/Documents/6th Sem/LBP/Shell/libzip-1.7.3/build/CMakeFiles/CMakeTmp'



Determining size of int16_t passed with the following output:
Change Dir: /home/blackreaper/Documents/6th Sem/LBP/Shell/libzip-1.7.3/build/CMakeFiles/CMakeTmp

Run Build Command(s):/usr/bin/make cmTC_3fb28/fast && /usr/bin/make -f CMakeFiles/cmTC_3fb28.dir/build.make CMakeFiles/cmTC_3fb28.dir/build
make[1]: Entering directory '/home/blackreaper/Documents/6th Sem/LBP/Shell/libzip-1.7.3/build/CMakeFiles/CMakeTmp'
Building C object CMakeFiles/cmTC_3fb28.dir/INT16_T_LIBZIP.c.o
/usr/bin/cc    -o CMakeFiles/cmTC_3fb28.dir/INT16_T_LIBZIP.c.o   -c "/home/blackreaper/Documents/6th Sem/LBP/Shell/libzip-1.7.3/build/CMakeFiles/CheckTypeSize/INT16_T_LIBZIP.c"
Linking C executable cmTC_3fb28
/usr/local/bin/cmake -E cmake_link_script CMakeFiles/cmTC_3fb28.dir/link.txt --verbose=1
/usr/bin/cc      -rdynamic CMakeFiles/cmTC_3fb28.dir/INT16_T_LIBZIP.c.o  -o cmTC_3fb28 
make[1]: Leaving directory '/home/blackreaper/Documents/6th Sem/LBP/Shell/libzip-1.7.3/build/CMakeFiles/CMakeTmp'



Determining size of uint16_t passed with the following output:
Change Dir: /home/blackreaper/Documents/6th Sem/LBP/Shell/libzip-1.7.3/build/CMakeFiles/CMakeTmp

Run Build Command(s):/usr/bin/make cmTC_5f474/fast && /usr/bin/make -f CMakeFiles/cmTC_5f474.dir/build.make CMakeFiles/cmTC_5f474.dir/build
make[1]: Entering directory '/home/blackreaper/Documents/6th Sem/LBP/Shell/libzip-1.7.3/build/CMakeFiles/CMakeTmp'
Building C object CMakeFiles/cmTC_5f474.dir/UINT16_T_LIBZIP.c.o
/usr/bin/cc    -o CMakeFiles/cmTC_5f474.dir/UINT16_T_LIBZIP.c.o   -c "/home/blackreaper/Documents/6th Sem/LBP/Shell/libzip-1.7.3/build/CMakeFiles/CheckTypeSize/UINT16_T_LIBZIP.c"
Linking C executable cmTC_5f474
/usr/local/bin/cmake -E cmake_link_script CMakeFiles/cmTC_5f474.dir/link.txt --verbose=1
/usr/bin/cc      -rdynamic CMakeFiles/cmTC_5f474.dir/UINT16_T_LIBZIP.c.o  -o cmTC_5f474 
make[1]: Leaving directory '/home/blackreaper/Documents/6th Sem/LBP/Shell/libzip-1.7.3/build/CMakeFiles/CMakeTmp'



Determining size of int32_t passed with the following output:
Change Dir: /home/blackreaper/Documents/6th Sem/LBP/Shell/libzip-1.7.3/build/CMakeFiles/CMakeTmp

Run Build Command(s):/usr/bin/make cmTC_9329f/fast && /usr/bin/make -f CMakeFiles/cmTC_9329f.dir/build.make CMakeFiles/cmTC_9329f.dir/build
make[1]: Entering directory '/home/blackreaper/Documents/6th Sem/LBP/Shell/libzip-1.7.3/build/CMakeFiles/CMakeTmp'
Building C object CMakeFiles/cmTC_9329f.dir/INT32_T_LIBZIP.c.o
/usr/bin/cc    -o CMakeFiles/cmTC_9329f.dir/INT32_T_LIBZIP.c.o   -c "/home/blackreaper/Documents/6th Sem/LBP/Shell/libzip-1.7.3/build/CMakeFiles/CheckTypeSize/INT32_T_LIBZIP.c"
Linking C executable cmTC_9329f
/usr/local/bin/cmake -E cmake_link_script CMakeFiles/cmTC_9329f.dir/link.txt --verbose=1
/usr/bin/cc      -rdynamic CMakeFiles/cmTC_9329f.dir/INT32_T_LIBZIP.c.o  -o cmTC_9329f 
make[1]: Leaving directory '/home/blackreaper/Documents/6th Sem/LBP/Shell/libzip-1.7.3/build/CMakeFiles/CMakeTmp'



Determining size of uint32_t passed with the following output:
Change Dir: /home/blackreaper/Documents/6th Sem/LBP/Shell/libzip-1.7.3/build/CMakeFiles/CMakeTmp

Run Build Command(s):/usr/bin/make cmTC_d202f/fast && /usr/bin/make -f CMakeFiles/cmTC_d202f.dir/build.make CMakeFiles/cmTC_d202f.dir/build
make[1]: Entering directory '/home/blackreaper/Documents/6th Sem/LBP/Shell/libzip-1.7.3/build/CMakeFiles/CMakeTmp'
Building C object CMakeFiles/cmTC_d202f.dir/UINT32_T_LIBZIP.c.o
/usr/bin/cc    -o CMakeFiles/cmTC_d202f.dir/UINT32_T_LIBZIP.c.o   -c "/home/blackreaper/Documents/6th Sem/LBP/Shell/libzip-1.7.3/build/CMakeFiles/CheckTypeSize/UINT32_T_LIBZIP.c"
Linking C executable cmTC_d202f
/usr/local/bin/cmake -E cmake_link_script CMakeFiles/cmTC_d202f.dir/link.txt --verbose=1
/usr/bin/cc      -rdynamic CMakeFiles/cmTC_d202f.dir/UINT32_T_LIBZIP.c.o  -o cmTC_d202f 
make[1]: Leaving directory '/home/blackreaper/Documents/6th Sem/LBP/Shell/libzip-1.7.3/build/CMakeFiles/CMakeTmp'



Determining size of int64_t passed with the following output:
Change Dir: /home/blackreaper/Documents/6th Sem/LBP/Shell/libzip-1.7.3/build/CMakeFiles/CMakeTmp

Run Build Command(s):/usr/bin/make cmTC_d93fd/fast && /usr/bin/make -f CMakeFiles/cmTC_d93fd.dir/build.make CMakeFiles/cmTC_d93fd.dir/build
make[1]: Entering directory '/home/blackreaper/Documents/6th Sem/LBP/Shell/libzip-1.7.3/build/CMakeFiles/CMakeTmp'
Building C object CMakeFiles/cmTC_d93fd.dir/INT64_T_LIBZIP.c.o
/usr/bin/cc    -o CMakeFiles/cmTC_d93fd.dir/INT64_T_LIBZIP.c.o   -c "/home/blackreaper/Documents/6th Sem/LBP/Shell/libzip-1.7.3/build/CMakeFiles/CheckTypeSize/INT64_T_LIBZIP.c"
Linking C executable cmTC_d93fd
/usr/local/bin/cmake -E cmake_link_script CMakeFiles/cmTC_d93fd.dir/link.txt --verbose=1
/usr/bin/cc      -rdynamic CMakeFiles/cmTC_d93fd.dir/INT64_T_LIBZIP.c.o  -o cmTC_d93fd 
make[1]: Leaving directory '/home/blackreaper/Documents/6th Sem/LBP/Shell/libzip-1.7.3/build/CMakeFiles/CMakeTmp'



Determining size of uint64_t passed with the following output:
Change Dir: /home/blackreaper/Documents/6th Sem/LBP/Shell/libzip-1.7.3/build/CMakeFiles/CMakeTmp

Run Build Command(s):/usr/bin/make cmTC_1d012/fast && /usr/bin/make -f CMakeFiles/cmTC_1d012.dir/build.make CMakeFiles/cmTC_1d012.dir/build
make[1]: Entering directory '/home/blackreaper/Documents/6th Sem/LBP/Shell/libzip-1.7.3/build/CMakeFiles/CMakeTmp'
Building C object CMakeFiles/cmTC_1d012.dir/UINT64_T_LIBZIP.c.o
/usr/bin/cc    -o CMakeFiles/cmTC_1d012.dir/UINT64_T_LIBZIP.c.o   -c "/home/blackreaper/Documents/6th Sem/LBP/Shell/libzip-1.7.3/build/CMakeFiles/CheckTypeSize/UINT64_T_LIBZIP.c"
Linking C executable cmTC_1d012
/usr/local/bin/cmake -E cmake_link_script CMakeFiles/cmTC_1d012.dir/link.txt --verbose=1
/usr/bin/cc      -rdynamic CMakeFiles/cmTC_1d012.dir/UINT64_T_LIBZIP.c.o  -o cmTC_1d012 
make[1]: Leaving directory '/home/blackreaper/Documents/6th Sem/LBP/Shell/libzip-1.7.3/build/CMakeFiles/CMakeTmp'



Determining size of short passed with the following output:
Change Dir: /home/blackreaper/Documents/6th Sem/LBP/Shell/libzip-1.7.3/build/CMakeFiles/CMakeTmp

Run Build Command(s):/usr/bin/make cmTC_30687/fast && /usr/bin/make -f CMakeFiles/cmTC_30687.dir/build.make CMakeFiles/cmTC_30687.dir/build
make[1]: Entering directory '/home/blackreaper/Documents/6th Sem/LBP/Shell/libzip-1.7.3/build/CMakeFiles/CMakeTmp'
Building C object CMakeFiles/cmTC_30687.dir/SHORT_LIBZIP.c.o
/usr/bin/cc    -o CMakeFiles/cmTC_30687.dir/SHORT_LIBZIP.c.o   -c "/home/blackreaper/Documents/6th Sem/LBP/Shell/libzip-1.7.3/build/CMakeFiles/CheckTypeSize/SHORT_LIBZIP.c"
Linking C executable cmTC_30687
/usr/local/bin/cmake -E cmake_link_script CMakeFiles/cmTC_30687.dir/link.txt --verbose=1
/usr/bin/cc      -rdynamic CMakeFiles/cmTC_30687.dir/SHORT_LIBZIP.c.o  -o cmTC_30687 
make[1]: Leaving directory '/home/blackreaper/Documents/6th Sem/LBP/Shell/libzip-1.7.3/build/CMakeFiles/CMakeTmp'



Determining size of int passed with the following output:
Change Dir: /home/blackreaper/Documents/6th Sem/LBP/Shell/libzip-1.7.3/build/CMakeFiles/CMakeTmp

Run Build Command(s):/usr/bin/make cmTC_b8dbb/fast && /usr/bin/make -f CMakeFiles/cmTC_b8dbb.dir/build.make CMakeFiles/cmTC_b8dbb.dir/build
make[1]: Entering directory '/home/blackreaper/Documents/6th Sem/LBP/Shell/libzip-1.7.3/build/CMakeFiles/CMakeTmp'
Building C object CMakeFiles/cmTC_b8dbb.dir/INT_LIBZIP.c.o
/usr/bin/cc    -o CMakeFiles/cmTC_b8dbb.dir/INT_LIBZIP.c.o   -c "/home/blackreaper/Documents/6th Sem/LBP/Shell/libzip-1.7.3/build/CMakeFiles/CheckTypeSize/INT_LIBZIP.c"
Linking C executable cmTC_b8dbb
/usr/local/bin/cmake -E cmake_link_script CMakeFiles/cmTC_b8dbb.dir/link.txt --verbose=1
/usr/bin/cc      -rdynamic CMakeFiles/cmTC_b8dbb.dir/INT_LIBZIP.c.o  -o cmTC_b8dbb 
make[1]: Leaving directory '/home/blackreaper/Documents/6th Sem/LBP/Shell/libzip-1.7.3/build/CMakeFiles/CMakeTmp'



Determining size of long passed with the following output:
Change Dir: /home/blackreaper/Documents/6th Sem/LBP/Shell/libzip-1.7.3/build/CMakeFiles/CMakeTmp

Run Build Command(s):/usr/bin/make cmTC_29443/fast && /usr/bin/make -f CMakeFiles/cmTC_29443.dir/build.make CMakeFiles/cmTC_29443.dir/build
make[1]: Entering directory '/home/blackreaper/Documents/6th Sem/LBP/Shell/libzip-1.7.3/build/CMakeFiles/CMakeTmp'
Building C object CMakeFiles/cmTC_29443.dir/LONG_LIBZIP.c.o
/usr/bin/cc    -o CMakeFiles/cmTC_29443.dir/LONG_LIBZIP.c.o   -c "/home/blackreaper/Documents/6th Sem/LBP/Shell/libzip-1.7.3/build/CMakeFiles/CheckTypeSize/LONG_LIBZIP.c"
Linking C executable cmTC_29443
/usr/local/bin/cmake -E cmake_link_script CMakeFiles/cmTC_29443.dir/link.txt --verbose=1
/usr/bin/cc      -rdynamic CMakeFiles/cmTC_29443.dir/LONG_LIBZIP.c.o  -o cmTC_29443 
make[1]: Leaving directory '/home/blackreaper/Documents/6th Sem/LBP/Shell/libzip-1.7.3/build/CMakeFiles/CMakeTmp'



Determining size of long long passed with the following output:
Change Dir: /home/blackreaper/Documents/6th Sem/LBP/Shell/libzip-1.7.3/build/CMakeFiles/CMakeTmp

Run Build Command(s):/usr/bin/make cmTC_30165/fast && /usr/bin/make -f CMakeFiles/cmTC_30165.dir/build.make CMakeFiles/cmTC_30165.dir/build
make[1]: Entering directory '/home/blackreaper/Documents/6th Sem/LBP/Shell/libzip-1.7.3/build/CMakeFiles/CMakeTmp'
Building C object CMakeFiles/cmTC_30165.dir/LONG_LONG_LIBZIP.c.o
/usr/bin/cc    -o CMakeFiles/cmTC_30165.dir/LONG_LONG_LIBZIP.c.o   -c "/home/blackreaper/Documents/6th Sem/LBP/Shell/libzip-1.7.3/build/CMakeFiles/CheckTypeSize/LONG_LONG_LIBZIP.c"
Linking C executable cmTC_30165
/usr/local/bin/cmake -E cmake_link_script CMakeFiles/cmTC_30165.dir/link.txt --verbose=1
/usr/bin/cc      -rdynamic CMakeFiles/cmTC_30165.dir/LONG_LONG_LIBZIP.c.o  -o cmTC_30165 
make[1]: Leaving directory '/home/blackreaper/Documents/6th Sem/LBP/Shell/libzip-1.7.3/build/CMakeFiles/CMakeTmp'



Determining size of off_t passed with the following output:
Change Dir: /home/blackreaper/Documents/6th Sem/LBP/Shell/libzip-1.7.3/build/CMakeFiles/CMakeTmp

Run Build Command(s):/usr/bin/make cmTC_99882/fast && /usr/bin/make -f CMakeFiles/cmTC_99882.dir/build.make CMakeFiles/cmTC_99882.dir/build
make[1]: Entering directory '/home/blackreaper/Documents/6th Sem/LBP/Shell/libzip-1.7.3/build/CMakeFiles/CMakeTmp'
Building C object CMakeFiles/cmTC_99882.dir/SIZEOF_OFF_T.c.o
/usr/bin/cc    -o CMakeFiles/cmTC_99882.dir/SIZEOF_OFF_T.c.o   -c "/home/blackreaper/Documents/6th Sem/LBP/Shell/libzip-1.7.3/build/CMakeFiles/CheckTypeSize/SIZEOF_OFF_T.c"
Linking C executable cmTC_99882
/usr/local/bin/cmake -E cmake_link_script CMakeFiles/cmTC_99882.dir/link.txt --verbose=1
/usr/bin/cc      -rdynamic CMakeFiles/cmTC_99882.dir/SIZEOF_OFF_T.c.o  -o cmTC_99882 
make[1]: Leaving directory '/home/blackreaper/Documents/6th Sem/LBP/Shell/libzip-1.7.3/build/CMakeFiles/CMakeTmp'



Determining size of size_t passed with the following output:
Change Dir: /home/blackreaper/Documents/6th Sem/LBP/Shell/libzip-1.7.3/build/CMakeFiles/CMakeTmp

Run Build Command(s):/usr/bin/make cmTC_d6a0c/fast && /usr/bin/make -f CMakeFiles/cmTC_d6a0c.dir/build.make CMakeFiles/cmTC_d6a0c.dir/build
make[1]: Entering directory '/home/blackreaper/Documents/6th Sem/LBP/Shell/libzip-1.7.3/build/CMakeFiles/CMakeTmp'
Building C object CMakeFiles/cmTC_d6a0c.dir/SIZEOF_SIZE_T.c.o
/usr/bin/cc    -o CMakeFiles/cmTC_d6a0c.dir/SIZEOF_SIZE_T.c.o   -c "/home/blackreaper/Documents/6th Sem/LBP/Shell/libzip-1.7.3/build/CMakeFiles/CheckTypeSize/SIZEOF_SIZE_T.c"
Linking C executable cmTC_d6a0c
/usr/local/bin/cmake -E cmake_link_script CMakeFiles/cmTC_d6a0c.dir/link.txt --verbose=1
/usr/bin/cc      -rdynamic CMakeFiles/cmTC_d6a0c.dir/SIZEOF_SIZE_T.c.o  -o cmTC_d6a0c 
make[1]: Leaving directory '/home/blackreaper/Documents/6th Sem/LBP/Shell/libzip-1.7.3/build/CMakeFiles/CMakeTmp'



Performing C SOURCE FILE Test HAVE_FICLONERANGE succeeded with the following output:
Change Dir: /home/blackreaper/Documents/6th Sem/LBP/Shell/libzip-1.7.3/build/CMakeFiles/CMakeTmp

Run Build Command(s):/usr/bin/make cmTC_3611e/fast && /usr/bin/make -f CMakeFiles/cmTC_3611e.dir/build.make CMakeFiles/cmTC_3611e.dir/build
make[1]: Entering directory '/home/blackreaper/Documents/6th Sem/LBP/Shell/libzip-1.7.3/build/CMakeFiles/CMakeTmp'
Building C object CMakeFiles/cmTC_3611e.dir/src.c.o
/usr/bin/cc   -DHAVE_FICLONERANGE   -o CMakeFiles/cmTC_3611e.dir/src.c.o   -c "/home/blackreaper/Documents/6th Sem/LBP/Shell/libzip-1.7.3/build/CMakeFiles/CMakeTmp/src.c"
Linking C executable cmTC_3611e
/usr/local/bin/cmake -E cmake_link_script CMakeFiles/cmTC_3611e.dir/link.txt --verbose=1
/usr/bin/cc  -DHAVE_FICLONERANGE    -rdynamic CMakeFiles/cmTC_3611e.dir/src.c.o  -o cmTC_3611e 
make[1]: Leaving directory '/home/blackreaper/Documents/6th Sem/LBP/Shell/libzip-1.7.3/build/CMakeFiles/CMakeTmp'


Source file was:
#include <sys/ioctl.h>
#include <linux/fs.h>
int main(int argc, char *argv[]) { unsigned long x = FICLONERANGE; }
Determining size of unsigned short passed with the following output:
Change Dir: /home/blackreaper/Documents/6th Sem/LBP/Shell/libzip-1.7.3/build/CMakeFiles/CMakeTmp

Run Build Command(s):/usr/bin/make cmTC_db32a/fast && /usr/bin/make -f CMakeFiles/cmTC_db32a.dir/build.make CMakeFiles/cmTC_db32a.dir/build
make[1]: Entering directory '/home/blackreaper/Documents/6th Sem/LBP/Shell/libzip-1.7.3/build/CMakeFiles/CMakeTmp'
Building C object CMakeFiles/cmTC_db32a.dir/CMAKE_SIZEOF_UNSIGNED_SHORT.c.o
/usr/bin/cc    -o CMakeFiles/cmTC_db32a.dir/CMAKE_SIZEOF_UNSIGNED_SHORT.c.o   -c "/home/blackreaper/Documents/6th Sem/LBP/Shell/libzip-1.7.3/build/CMakeFiles/CheckTypeSize/CMAKE_SIZEOF_UNSIGNED_SHORT.c"
Linking C executable cmTC_db32a
/usr/local/bin/cmake -E cmake_link_script CMakeFiles/cmTC_db32a.dir/link.txt --verbose=1
/usr/bin/cc      -rdynamic CMakeFiles/cmTC_db32a.dir/CMAKE_SIZEOF_UNSIGNED_SHORT.c.o  -o cmTC_db32a 
make[1]: Leaving directory '/home/blackreaper/Documents/6th Sem/LBP/Shell/libzip-1.7.3/build/CMakeFiles/CMakeTmp'



Determining if the system is big endian passed with the following output:
Change Dir: /home/blackreaper/Documents/6th Sem/LBP/Shell/libzip-1.7.3/build/CMakeFiles/CMakeTmp

Run Build Command(s):/usr/bin/make cmTC_b8b2c/fast && /usr/bin/make -f CMakeFiles/cmTC_b8b2c.dir/build.make CMakeFiles/cmTC_b8b2c.dir/build
make[1]: Entering directory '/home/blackreaper/Documents/6th Sem/LBP/Shell/libzip-1.7.3/build/CMakeFiles/CMakeTmp'
Building C object CMakeFiles/cmTC_b8b2c.dir/TestEndianess.c.o
/usr/bin/cc    -o CMakeFiles/cmTC_b8b2c.dir/TestEndianess.c.o   -c "/home/blackreaper/Documents/6th Sem/LBP/Shell/libzip-1.7.3/build/CMakeFiles/CMakeTmp/TestEndianess.c"
Linking C executable cmTC_b8b2c
/usr/local/bin/cmake -E cmake_link_script CMakeFiles/cmTC_b8b2c.dir/link.txt --verbose=1
/usr/bin/cc      -rdynamic CMakeFiles/cmTC_b8b2c.dir/TestEndianess.c.o  -o cmTC_b8b2c 
make[1]: Leaving directory '/home/blackreaper/Documents/6th Sem/LBP/Shell/libzip-1.7.3/build/CMakeFiles/CMakeTmp'


TestEndianess.c:
/* A 16 bit integer is required. */
typedef unsigned short cmakeint16;

/* On a little endian machine, these 16bit ints will give "THIS IS LITTLE ENDIAN."
   On a big endian machine the characters will be exchanged pairwise. */
const cmakeint16 info_little[] =  {0x4854, 0x5349, 0x4920, 0x2053, 0x494c, 0x5454, 0x454c, 0x4520, 0x444e, 0x4149, 0x2e4e, 0x0000};

/* on a big endian machine, these 16bit ints will give "THIS IS BIG ENDIAN."
   On a little endian machine the characters will be exchanged pairwise. */
const cmakeint16 info_big[] =     {0x5448, 0x4953, 0x2049, 0x5320, 0x4249, 0x4720, 0x454e, 0x4449, 0x414e, 0x2e2e, 0x0000};

#ifdef __CLASSIC_C__
int main(argc, argv) int argc; char *argv[];
#else
int main(int argc, char *argv[])
#endif
{
  int require = 0;
  require += info_little[argc];
  require += info_big[argc];
  (void)argv;
  return require;
}


Determining if the function getopt exists passed with the following output:
Change Dir: /home/blackreaper/Documents/6th Sem/LBP/Shell/libzip-1.7.3/build/CMakeFiles/CMakeTmp

Run Build Command(s):/usr/bin/make cmTC_83abd/fast && /usr/bin/make -f CMakeFiles/cmTC_83abd.dir/build.make CMakeFiles/cmTC_83abd.dir/build
make[1]: Entering directory '/home/blackreaper/Documents/6th Sem/LBP/Shell/libzip-1.7.3/build/CMakeFiles/CMakeTmp'
Building C object CMakeFiles/cmTC_83abd.dir/CheckFunctionExists.c.o
/usr/bin/cc   -DCHECK_FUNCTION_EXISTS=getopt   -o CMakeFiles/cmTC_83abd.dir/CheckFunctionExists.c.o   -c /usr/local/share/cmake-3.17/Modules/CheckFunctionExists.c
Linking C executable cmTC_83abd
/usr/local/bin/cmake -E cmake_link_script CMakeFiles/cmTC_83abd.dir/link.txt --verbose=1
/usr/bin/cc  -DCHECK_FUNCTION_EXISTS=getopt    -rdynamic CMakeFiles/cmTC_83abd.dir/CheckFunctionExists.c.o  -o cmTC_83abd 
make[1]: Leaving directory '/home/blackreaper/Documents/6th Sem/LBP/Shell/libzip-1.7.3/build/CMakeFiles/CMakeTmp'



