Determining if files CommonCrypto/CommonCrypto.h exist failed with the following output:
Change Dir: /home/blackreaper/Documents/6th Sem/LBP/Shell/libzip-1.7.3/build/CMakeFiles/CMakeTmp

Run Build Command(s):/usr/bin/make cmTC_8ee41/fast && /usr/bin/make -f CMakeFiles/cmTC_8ee41.dir/build.make CMakeFiles/cmTC_8ee41.dir/build
make[1]: Entering directory '/home/blackreaper/Documents/6th Sem/LBP/Shell/libzip-1.7.3/build/CMakeFiles/CMakeTmp'
Building C object CMakeFiles/cmTC_8ee41.dir/COMMONCRYPTO_FOUND.c.o
/usr/bin/cc    -o CMakeFiles/cmTC_8ee41.dir/COMMONCRYPTO_FOUND.c.o   -c "/home/blackreaper/Documents/6th Sem/LBP/Shell/libzip-1.7.3/build/CMakeFiles/CheckIncludeFiles/COMMONCRYPTO_FOUND.c"
/home/blackreaper/Documents/6th Sem/LBP/Shell/libzip-1.7.3/build/CMakeFiles/CheckIncludeFiles/COMMONCRYPTO_FOUND.c:2:10: fatal error: CommonCrypto/CommonCrypto.h: No such file or directory
 #include <CommonCrypto/CommonCrypto.h>
          ^~~~~~~~~~~~~~~~~~~~~~~~~~~~~
compilation terminated.
CMakeFiles/cmTC_8ee41.dir/build.make:82: recipe for target 'CMakeFiles/cmTC_8ee41.dir/COMMONCRYPTO_FOUND.c.o' failed
make[1]: *** [CMakeFiles/cmTC_8ee41.dir/COMMONCRYPTO_FOUND.c.o] Error 1
make[1]: Leaving directory '/home/blackreaper/Documents/6th Sem/LBP/Shell/libzip-1.7.3/build/CMakeFiles/CMakeTmp'
Makefile:138: recipe for target 'cmTC_8ee41/fast' failed
make: *** [cmTC_8ee41/fast] Error 2


Source:
/* */
#include <CommonCrypto/CommonCrypto.h>


int main(void){return 0;}

Determining if the function _close exists failed with the following output:
Change Dir: /home/blackreaper/Documents/6th Sem/LBP/Shell/libzip-1.7.3/build/CMakeFiles/CMakeTmp

Run Build Command(s):/usr/bin/make cmTC_18138/fast && /usr/bin/make -f CMakeFiles/cmTC_18138.dir/build.make CMakeFiles/cmTC_18138.dir/build
make[1]: Entering directory '/home/blackreaper/Documents/6th Sem/LBP/Shell/libzip-1.7.3/build/CMakeFiles/CMakeTmp'
Building C object CMakeFiles/cmTC_18138.dir/CheckFunctionExists.c.o
/usr/bin/cc   -DCHECK_FUNCTION_EXISTS=_close   -o CMakeFiles/cmTC_18138.dir/CheckFunctionExists.c.o   -c /usr/local/share/cmake-3.17/Modules/CheckFunctionExists.c
Linking C executable cmTC_18138
/usr/local/bin/cmake -E cmake_link_script CMakeFiles/cmTC_18138.dir/link.txt --verbose=1
/usr/bin/cc  -DCHECK_FUNCTION_EXISTS=_close    -rdynamic CMakeFiles/cmTC_18138.dir/CheckFunctionExists.c.o  -o cmTC_18138 
CMakeFiles/cmTC_18138.dir/CheckFunctionExists.c.o: In function `main':
CheckFunctionExists.c:(.text+0x10): undefined reference to `_close'
collect2: error: ld returned 1 exit status
CMakeFiles/cmTC_18138.dir/build.make:103: recipe for target 'cmTC_18138' failed
make[1]: *** [cmTC_18138] Error 1
make[1]: Leaving directory '/home/blackreaper/Documents/6th Sem/LBP/Shell/libzip-1.7.3/build/CMakeFiles/CMakeTmp'
Makefile:138: recipe for target 'cmTC_18138/fast' failed
make: *** [cmTC_18138/fast] Error 2



Determining if the function _dup exists failed with the following output:
Change Dir: /home/blackreaper/Documents/6th Sem/LBP/Shell/libzip-1.7.3/build/CMakeFiles/CMakeTmp

Run Build Command(s):/usr/bin/make cmTC_bb350/fast && /usr/bin/make -f CMakeFiles/cmTC_bb350.dir/build.make CMakeFiles/cmTC_bb350.dir/build
make[1]: Entering directory '/home/blackreaper/Documents/6th Sem/LBP/Shell/libzip-1.7.3/build/CMakeFiles/CMakeTmp'
Building C object CMakeFiles/cmTC_bb350.dir/CheckFunctionExists.c.o
/usr/bin/cc   -DCHECK_FUNCTION_EXISTS=_dup   -o CMakeFiles/cmTC_bb350.dir/CheckFunctionExists.c.o   -c /usr/local/share/cmake-3.17/Modules/CheckFunctionExists.c
Linking C executable cmTC_bb350
/usr/local/bin/cmake -E cmake_link_script CMakeFiles/cmTC_bb350.dir/link.txt --verbose=1
/usr/bin/cc  -DCHECK_FUNCTION_EXISTS=_dup    -rdynamic CMakeFiles/cmTC_bb350.dir/CheckFunctionExists.c.o  -o cmTC_bb350 
CMakeFiles/cmTC_bb350.dir/CheckFunctionExists.c.o: In function `main':
CheckFunctionExists.c:(.text+0x10): undefined reference to `_dup'
collect2: error: ld returned 1 exit status
CMakeFiles/cmTC_bb350.dir/build.make:103: recipe for target 'cmTC_bb350' failed
make[1]: *** [cmTC_bb350] Error 1
make[1]: Leaving directory '/home/blackreaper/Documents/6th Sem/LBP/Shell/libzip-1.7.3/build/CMakeFiles/CMakeTmp'
Makefile:138: recipe for target 'cmTC_bb350/fast' failed
make: *** [cmTC_bb350/fast] Error 2



Determining if the function _fdopen exists failed with the following output:
Change Dir: /home/blackreaper/Documents/6th Sem/LBP/Shell/libzip-1.7.3/build/CMakeFiles/CMakeTmp

Run Build Command(s):/usr/bin/make cmTC_efe37/fast && /usr/bin/make -f CMakeFiles/cmTC_efe37.dir/build.make CMakeFiles/cmTC_efe37.dir/build
make[1]: Entering directory '/home/blackreaper/Documents/6th Sem/LBP/Shell/libzip-1.7.3/build/CMakeFiles/CMakeTmp'
Building C object CMakeFiles/cmTC_efe37.dir/CheckFunctionExists.c.o
/usr/bin/cc   -DCHECK_FUNCTION_EXISTS=_fdopen   -o CMakeFiles/cmTC_efe37.dir/CheckFunctionExists.c.o   -c /usr/local/share/cmake-3.17/Modules/CheckFunctionExists.c
Linking C executable cmTC_efe37
/usr/local/bin/cmake -E cmake_link_script CMakeFiles/cmTC_efe37.dir/link.txt --verbose=1
/usr/bin/cc  -DCHECK_FUNCTION_EXISTS=_fdopen    -rdynamic CMakeFiles/cmTC_efe37.dir/CheckFunctionExists.c.o  -o cmTC_efe37 
CMakeFiles/cmTC_efe37.dir/CheckFunctionExists.c.o: In function `main':
CheckFunctionExists.c:(.text+0x10): undefined reference to `_fdopen'
collect2: error: ld returned 1 exit status
CMakeFiles/cmTC_efe37.dir/build.make:103: recipe for target 'cmTC_efe37' failed
make[1]: *** [cmTC_efe37] Error 1
make[1]: Leaving directory '/home/blackreaper/Documents/6th Sem/LBP/Shell/libzip-1.7.3/build/CMakeFiles/CMakeTmp'
Makefile:138: recipe for target 'cmTC_efe37/fast' failed
make: *** [cmTC_efe37/fast] Error 2



Determining if the function _fileno exists failed with the following output:
Change Dir: /home/blackreaper/Documents/6th Sem/LBP/Shell/libzip-1.7.3/build/CMakeFiles/CMakeTmp

Run Build Command(s):/usr/bin/make cmTC_36210/fast && /usr/bin/make -f CMakeFiles/cmTC_36210.dir/build.make CMakeFiles/cmTC_36210.dir/build
make[1]: Entering directory '/home/blackreaper/Documents/6th Sem/LBP/Shell/libzip-1.7.3/build/CMakeFiles/CMakeTmp'
Building C object CMakeFiles/cmTC_36210.dir/CheckFunctionExists.c.o
/usr/bin/cc   -DCHECK_FUNCTION_EXISTS=_fileno   -o CMakeFiles/cmTC_36210.dir/CheckFunctionExists.c.o   -c /usr/local/share/cmake-3.17/Modules/CheckFunctionExists.c
Linking C executable cmTC_36210
/usr/local/bin/cmake -E cmake_link_script CMakeFiles/cmTC_36210.dir/link.txt --verbose=1
/usr/bin/cc  -DCHECK_FUNCTION_EXISTS=_fileno    -rdynamic CMakeFiles/cmTC_36210.dir/CheckFunctionExists.c.o  -o cmTC_36210 
CMakeFiles/cmTC_36210.dir/CheckFunctionExists.c.o: In function `main':
CheckFunctionExists.c:(.text+0x10): undefined reference to `_fileno'
collect2: error: ld returned 1 exit status
CMakeFiles/cmTC_36210.dir/build.make:103: recipe for target 'cmTC_36210' failed
make[1]: *** [cmTC_36210] Error 1
make[1]: Leaving directory '/home/blackreaper/Documents/6th Sem/LBP/Shell/libzip-1.7.3/build/CMakeFiles/CMakeTmp'
Makefile:138: recipe for target 'cmTC_36210/fast' failed
make: *** [cmTC_36210/fast] Error 2



Determining if the function _setmode exists failed with the following output:
Change Dir: /home/blackreaper/Documents/6th Sem/LBP/Shell/libzip-1.7.3/build/CMakeFiles/CMakeTmp

Run Build Command(s):/usr/bin/make cmTC_7b219/fast && /usr/bin/make -f CMakeFiles/cmTC_7b219.dir/build.make CMakeFiles/cmTC_7b219.dir/build
make[1]: Entering directory '/home/blackreaper/Documents/6th Sem/LBP/Shell/libzip-1.7.3/build/CMakeFiles/CMakeTmp'
Building C object CMakeFiles/cmTC_7b219.dir/CheckFunctionExists.c.o
/usr/bin/cc   -DCHECK_FUNCTION_EXISTS=_setmode   -o CMakeFiles/cmTC_7b219.dir/CheckFunctionExists.c.o   -c /usr/local/share/cmake-3.17/Modules/CheckFunctionExists.c
Linking C executable cmTC_7b219
/usr/local/bin/cmake -E cmake_link_script CMakeFiles/cmTC_7b219.dir/link.txt --verbose=1
/usr/bin/cc  -DCHECK_FUNCTION_EXISTS=_setmode    -rdynamic CMakeFiles/cmTC_7b219.dir/CheckFunctionExists.c.o  -o cmTC_7b219 
CMakeFiles/cmTC_7b219.dir/CheckFunctionExists.c.o: In function `main':
CheckFunctionExists.c:(.text+0x10): undefined reference to `_setmode'
collect2: error: ld returned 1 exit status
CMakeFiles/cmTC_7b219.dir/build.make:103: recipe for target 'cmTC_7b219' failed
make[1]: *** [cmTC_7b219] Error 1
make[1]: Leaving directory '/home/blackreaper/Documents/6th Sem/LBP/Shell/libzip-1.7.3/build/CMakeFiles/CMakeTmp'
Makefile:138: recipe for target 'cmTC_7b219/fast' failed
make: *** [cmTC_7b219/fast] Error 2



Determining if the function _snprintf exists failed with the following output:
Change Dir: /home/blackreaper/Documents/6th Sem/LBP/Shell/libzip-1.7.3/build/CMakeFiles/CMakeTmp

Run Build Command(s):/usr/bin/make cmTC_aff9d/fast && /usr/bin/make -f CMakeFiles/cmTC_aff9d.dir/build.make CMakeFiles/cmTC_aff9d.dir/build
make[1]: Entering directory '/home/blackreaper/Documents/6th Sem/LBP/Shell/libzip-1.7.3/build/CMakeFiles/CMakeTmp'
Building C object CMakeFiles/cmTC_aff9d.dir/CheckFunctionExists.c.o
/usr/bin/cc   -DCHECK_FUNCTION_EXISTS=_snprintf   -o CMakeFiles/cmTC_aff9d.dir/CheckFunctionExists.c.o   -c /usr/local/share/cmake-3.17/Modules/CheckFunctionExists.c
Linking C executable cmTC_aff9d
/usr/local/bin/cmake -E cmake_link_script CMakeFiles/cmTC_aff9d.dir/link.txt --verbose=1
/usr/bin/cc  -DCHECK_FUNCTION_EXISTS=_snprintf    -rdynamic CMakeFiles/cmTC_aff9d.dir/CheckFunctionExists.c.o  -o cmTC_aff9d 
CMakeFiles/cmTC_aff9d.dir/CheckFunctionExists.c.o: In function `main':
CheckFunctionExists.c:(.text+0x10): undefined reference to `_snprintf'
collect2: error: ld returned 1 exit status
CMakeFiles/cmTC_aff9d.dir/build.make:103: recipe for target 'cmTC_aff9d' failed
make[1]: *** [cmTC_aff9d] Error 1
make[1]: Leaving directory '/home/blackreaper/Documents/6th Sem/LBP/Shell/libzip-1.7.3/build/CMakeFiles/CMakeTmp'
Makefile:138: recipe for target 'cmTC_aff9d/fast' failed
make: *** [cmTC_aff9d/fast] Error 2



Determining if the function _strdup exists failed with the following output:
Change Dir: /home/blackreaper/Documents/6th Sem/LBP/Shell/libzip-1.7.3/build/CMakeFiles/CMakeTmp

Run Build Command(s):/usr/bin/make cmTC_af127/fast && /usr/bin/make -f CMakeFiles/cmTC_af127.dir/build.make CMakeFiles/cmTC_af127.dir/build
make[1]: Entering directory '/home/blackreaper/Documents/6th Sem/LBP/Shell/libzip-1.7.3/build/CMakeFiles/CMakeTmp'
Building C object CMakeFiles/cmTC_af127.dir/CheckFunctionExists.c.o
/usr/bin/cc   -DCHECK_FUNCTION_EXISTS=_strdup   -o CMakeFiles/cmTC_af127.dir/CheckFunctionExists.c.o   -c /usr/local/share/cmake-3.17/Modules/CheckFunctionExists.c
Linking C executable cmTC_af127
/usr/local/bin/cmake -E cmake_link_script CMakeFiles/cmTC_af127.dir/link.txt --verbose=1
/usr/bin/cc  -DCHECK_FUNCTION_EXISTS=_strdup    -rdynamic CMakeFiles/cmTC_af127.dir/CheckFunctionExists.c.o  -o cmTC_af127 
CMakeFiles/cmTC_af127.dir/CheckFunctionExists.c.o: In function `main':
CheckFunctionExists.c:(.text+0x10): undefined reference to `_strdup'
collect2: error: ld returned 1 exit status
CMakeFiles/cmTC_af127.dir/build.make:103: recipe for target 'cmTC_af127' failed
make[1]: *** [cmTC_af127] Error 1
make[1]: Leaving directory '/home/blackreaper/Documents/6th Sem/LBP/Shell/libzip-1.7.3/build/CMakeFiles/CMakeTmp'
Makefile:138: recipe for target 'cmTC_af127/fast' failed
make: *** [cmTC_af127/fast] Error 2



Determining if the function _stricmp exists failed with the following output:
Change Dir: /home/blackreaper/Documents/6th Sem/LBP/Shell/libzip-1.7.3/build/CMakeFiles/CMakeTmp

Run Build Command(s):/usr/bin/make cmTC_8d5f6/fast && /usr/bin/make -f CMakeFiles/cmTC_8d5f6.dir/build.make CMakeFiles/cmTC_8d5f6.dir/build
make[1]: Entering directory '/home/blackreaper/Documents/6th Sem/LBP/Shell/libzip-1.7.3/build/CMakeFiles/CMakeTmp'
Building C object CMakeFiles/cmTC_8d5f6.dir/CheckFunctionExists.c.o
/usr/bin/cc   -DCHECK_FUNCTION_EXISTS=_stricmp   -o CMakeFiles/cmTC_8d5f6.dir/CheckFunctionExists.c.o   -c /usr/local/share/cmake-3.17/Modules/CheckFunctionExists.c
Linking C executable cmTC_8d5f6
/usr/local/bin/cmake -E cmake_link_script CMakeFiles/cmTC_8d5f6.dir/link.txt --verbose=1
/usr/bin/cc  -DCHECK_FUNCTION_EXISTS=_stricmp    -rdynamic CMakeFiles/cmTC_8d5f6.dir/CheckFunctionExists.c.o  -o cmTC_8d5f6 
CMakeFiles/cmTC_8d5f6.dir/CheckFunctionExists.c.o: In function `main':
CheckFunctionExists.c:(.text+0x10): undefined reference to `_stricmp'
collect2: error: ld returned 1 exit status
CMakeFiles/cmTC_8d5f6.dir/build.make:103: recipe for target 'cmTC_8d5f6' failed
make[1]: *** [cmTC_8d5f6] Error 1
make[1]: Leaving directory '/home/blackreaper/Documents/6th Sem/LBP/Shell/libzip-1.7.3/build/CMakeFiles/CMakeTmp'
Makefile:138: recipe for target 'cmTC_8d5f6/fast' failed
make: *** [cmTC_8d5f6/fast] Error 2



Determining if the function _strtoi64 exists failed with the following output:
Change Dir: /home/blackreaper/Documents/6th Sem/LBP/Shell/libzip-1.7.3/build/CMakeFiles/CMakeTmp

Run Build Command(s):/usr/bin/make cmTC_8e498/fast && /usr/bin/make -f CMakeFiles/cmTC_8e498.dir/build.make CMakeFiles/cmTC_8e498.dir/build
make[1]: Entering directory '/home/blackreaper/Documents/6th Sem/LBP/Shell/libzip-1.7.3/build/CMakeFiles/CMakeTmp'
Building C object CMakeFiles/cmTC_8e498.dir/CheckFunctionExists.c.o
/usr/bin/cc   -DCHECK_FUNCTION_EXISTS=_strtoi64   -o CMakeFiles/cmTC_8e498.dir/CheckFunctionExists.c.o   -c /usr/local/share/cmake-3.17/Modules/CheckFunctionExists.c
Linking C executable cmTC_8e498
/usr/local/bin/cmake -E cmake_link_script CMakeFiles/cmTC_8e498.dir/link.txt --verbose=1
/usr/bin/cc  -DCHECK_FUNCTION_EXISTS=_strtoi64    -rdynamic CMakeFiles/cmTC_8e498.dir/CheckFunctionExists.c.o  -o cmTC_8e498 
CMakeFiles/cmTC_8e498.dir/CheckFunctionExists.c.o: In function `main':
CheckFunctionExists.c:(.text+0x10): undefined reference to `_strtoi64'
collect2: error: ld returned 1 exit status
CMakeFiles/cmTC_8e498.dir/build.make:103: recipe for target 'cmTC_8e498' failed
make[1]: *** [cmTC_8e498] Error 1
make[1]: Leaving directory '/home/blackreaper/Documents/6th Sem/LBP/Shell/libzip-1.7.3/build/CMakeFiles/CMakeTmp'
Makefile:138: recipe for target 'cmTC_8e498/fast' failed
make: *** [cmTC_8e498/fast] Error 2



Determining if the function _strtoui64 exists failed with the following output:
Change Dir: /home/blackreaper/Documents/6th Sem/LBP/Shell/libzip-1.7.3/build/CMakeFiles/CMakeTmp

Run Build Command(s):/usr/bin/make cmTC_2b851/fast && /usr/bin/make -f CMakeFiles/cmTC_2b851.dir/build.make CMakeFiles/cmTC_2b851.dir/build
make[1]: Entering directory '/home/blackreaper/Documents/6th Sem/LBP/Shell/libzip-1.7.3/build/CMakeFiles/CMakeTmp'
Building C object CMakeFiles/cmTC_2b851.dir/CheckFunctionExists.c.o
/usr/bin/cc   -DCHECK_FUNCTION_EXISTS=_strtoui64   -o CMakeFiles/cmTC_2b851.dir/CheckFunctionExists.c.o   -c /usr/local/share/cmake-3.17/Modules/CheckFunctionExists.c
Linking C executable cmTC_2b851
/usr/local/bin/cmake -E cmake_link_script CMakeFiles/cmTC_2b851.dir/link.txt --verbose=1
/usr/bin/cc  -DCHECK_FUNCTION_EXISTS=_strtoui64    -rdynamic CMakeFiles/cmTC_2b851.dir/CheckFunctionExists.c.o  -o cmTC_2b851 
CMakeFiles/cmTC_2b851.dir/CheckFunctionExists.c.o: In function `main':
CheckFunctionExists.c:(.text+0x10): undefined reference to `_strtoui64'
collect2: error: ld returned 1 exit status
CMakeFiles/cmTC_2b851.dir/build.make:103: recipe for target 'cmTC_2b851' failed
make[1]: *** [cmTC_2b851] Error 1
make[1]: Leaving directory '/home/blackreaper/Documents/6th Sem/LBP/Shell/libzip-1.7.3/build/CMakeFiles/CMakeTmp'
Makefile:138: recipe for target 'cmTC_2b851/fast' failed
make: *** [cmTC_2b851/fast] Error 2



Determining if the function _unlink exists failed with the following output:
Change Dir: /home/blackreaper/Documents/6th Sem/LBP/Shell/libzip-1.7.3/build/CMakeFiles/CMakeTmp

Run Build Command(s):/usr/bin/make cmTC_74c30/fast && /usr/bin/make -f CMakeFiles/cmTC_74c30.dir/build.make CMakeFiles/cmTC_74c30.dir/build
make[1]: Entering directory '/home/blackreaper/Documents/6th Sem/LBP/Shell/libzip-1.7.3/build/CMakeFiles/CMakeTmp'
Building C object CMakeFiles/cmTC_74c30.dir/CheckFunctionExists.c.o
/usr/bin/cc   -DCHECK_FUNCTION_EXISTS=_unlink   -o CMakeFiles/cmTC_74c30.dir/CheckFunctionExists.c.o   -c /usr/local/share/cmake-3.17/Modules/CheckFunctionExists.c
Linking C executable cmTC_74c30
/usr/local/bin/cmake -E cmake_link_script CMakeFiles/cmTC_74c30.dir/link.txt --verbose=1
/usr/bin/cc  -DCHECK_FUNCTION_EXISTS=_unlink    -rdynamic CMakeFiles/cmTC_74c30.dir/CheckFunctionExists.c.o  -o cmTC_74c30 
CMakeFiles/cmTC_74c30.dir/CheckFunctionExists.c.o: In function `main':
CheckFunctionExists.c:(.text+0x10): undefined reference to `_unlink'
collect2: error: ld returned 1 exit status
CMakeFiles/cmTC_74c30.dir/build.make:103: recipe for target 'cmTC_74c30' failed
make[1]: *** [cmTC_74c30] Error 1
make[1]: Leaving directory '/home/blackreaper/Documents/6th Sem/LBP/Shell/libzip-1.7.3/build/CMakeFiles/CMakeTmp'
Makefile:138: recipe for target 'cmTC_74c30/fast' failed
make: *** [cmTC_74c30/fast] Error 2



Determining if the function arc4random exists failed with the following output:
Change Dir: /home/blackreaper/Documents/6th Sem/LBP/Shell/libzip-1.7.3/build/CMakeFiles/CMakeTmp

Run Build Command(s):/usr/bin/make cmTC_7ee40/fast && /usr/bin/make -f CMakeFiles/cmTC_7ee40.dir/build.make CMakeFiles/cmTC_7ee40.dir/build
make[1]: Entering directory '/home/blackreaper/Documents/6th Sem/LBP/Shell/libzip-1.7.3/build/CMakeFiles/CMakeTmp'
Building C object CMakeFiles/cmTC_7ee40.dir/CheckFunctionExists.c.o
/usr/bin/cc   -DCHECK_FUNCTION_EXISTS=arc4random   -o CMakeFiles/cmTC_7ee40.dir/CheckFunctionExists.c.o   -c /usr/local/share/cmake-3.17/Modules/CheckFunctionExists.c
Linking C executable cmTC_7ee40
/usr/local/bin/cmake -E cmake_link_script CMakeFiles/cmTC_7ee40.dir/link.txt --verbose=1
/usr/bin/cc  -DCHECK_FUNCTION_EXISTS=arc4random    -rdynamic CMakeFiles/cmTC_7ee40.dir/CheckFunctionExists.c.o  -o cmTC_7ee40 
CMakeFiles/cmTC_7ee40.dir/CheckFunctionExists.c.o: In function `main':
CheckFunctionExists.c:(.text+0x10): undefined reference to `arc4random'
collect2: error: ld returned 1 exit status
CMakeFiles/cmTC_7ee40.dir/build.make:103: recipe for target 'cmTC_7ee40' failed
make[1]: *** [cmTC_7ee40] Error 1
make[1]: Leaving directory '/home/blackreaper/Documents/6th Sem/LBP/Shell/libzip-1.7.3/build/CMakeFiles/CMakeTmp'
Makefile:138: recipe for target 'cmTC_7ee40/fast' failed
make: *** [cmTC_7ee40/fast] Error 2



Determining if the function clonefile exists failed with the following output:
Change Dir: /home/blackreaper/Documents/6th Sem/LBP/Shell/libzip-1.7.3/build/CMakeFiles/CMakeTmp

Run Build Command(s):/usr/bin/make cmTC_17b2c/fast && /usr/bin/make -f CMakeFiles/cmTC_17b2c.dir/build.make CMakeFiles/cmTC_17b2c.dir/build
make[1]: Entering directory '/home/blackreaper/Documents/6th Sem/LBP/Shell/libzip-1.7.3/build/CMakeFiles/CMakeTmp'
Building C object CMakeFiles/cmTC_17b2c.dir/CheckFunctionExists.c.o
/usr/bin/cc   -DCHECK_FUNCTION_EXISTS=clonefile   -o CMakeFiles/cmTC_17b2c.dir/CheckFunctionExists.c.o   -c /usr/local/share/cmake-3.17/Modules/CheckFunctionExists.c
Linking C executable cmTC_17b2c
/usr/local/bin/cmake -E cmake_link_script CMakeFiles/cmTC_17b2c.dir/link.txt --verbose=1
/usr/bin/cc  -DCHECK_FUNCTION_EXISTS=clonefile    -rdynamic CMakeFiles/cmTC_17b2c.dir/CheckFunctionExists.c.o  -o cmTC_17b2c 
CMakeFiles/cmTC_17b2c.dir/CheckFunctionExists.c.o: In function `main':
CheckFunctionExists.c:(.text+0x10): undefined reference to `clonefile'
collect2: error: ld returned 1 exit status
CMakeFiles/cmTC_17b2c.dir/build.make:103: recipe for target 'cmTC_17b2c' failed
make[1]: *** [cmTC_17b2c] Error 1
make[1]: Leaving directory '/home/blackreaper/Documents/6th Sem/LBP/Shell/libzip-1.7.3/build/CMakeFiles/CMakeTmp'
Makefile:138: recipe for target 'cmTC_17b2c/fast' failed
make: *** [cmTC_17b2c/fast] Error 2



Determining if the function explicit_memset exists failed with the following output:
Change Dir: /home/blackreaper/Documents/6th Sem/LBP/Shell/libzip-1.7.3/build/CMakeFiles/CMakeTmp

Run Build Command(s):/usr/bin/make cmTC_2edb4/fast && /usr/bin/make -f CMakeFiles/cmTC_2edb4.dir/build.make CMakeFiles/cmTC_2edb4.dir/build
make[1]: Entering directory '/home/blackreaper/Documents/6th Sem/LBP/Shell/libzip-1.7.3/build/CMakeFiles/CMakeTmp'
Building C object CMakeFiles/cmTC_2edb4.dir/CheckFunctionExists.c.o
/usr/bin/cc   -DCHECK_FUNCTION_EXISTS=explicit_memset   -o CMakeFiles/cmTC_2edb4.dir/CheckFunctionExists.c.o   -c /usr/local/share/cmake-3.17/Modules/CheckFunctionExists.c
Linking C executable cmTC_2edb4
/usr/local/bin/cmake -E cmake_link_script CMakeFiles/cmTC_2edb4.dir/link.txt --verbose=1
/usr/bin/cc  -DCHECK_FUNCTION_EXISTS=explicit_memset    -rdynamic CMakeFiles/cmTC_2edb4.dir/CheckFunctionExists.c.o  -o cmTC_2edb4 
CMakeFiles/cmTC_2edb4.dir/CheckFunctionExists.c.o: In function `main':
CheckFunctionExists.c:(.text+0x10): undefined reference to `explicit_memset'
collect2: error: ld returned 1 exit status
CMakeFiles/cmTC_2edb4.dir/build.make:103: recipe for target 'cmTC_2edb4' failed
make[1]: *** [cmTC_2edb4] Error 1
make[1]: Leaving directory '/home/blackreaper/Documents/6th Sem/LBP/Shell/libzip-1.7.3/build/CMakeFiles/CMakeTmp'
Makefile:138: recipe for target 'cmTC_2edb4/fast' failed
make: *** [cmTC_2edb4/fast] Error 2



Determining if the function getprogname exists failed with the following output:
Change Dir: /home/blackreaper/Documents/6th Sem/LBP/Shell/libzip-1.7.3/build/CMakeFiles/CMakeTmp

Run Build Command(s):/usr/bin/make cmTC_b04e6/fast && /usr/bin/make -f CMakeFiles/cmTC_b04e6.dir/build.make CMakeFiles/cmTC_b04e6.dir/build
make[1]: Entering directory '/home/blackreaper/Documents/6th Sem/LBP/Shell/libzip-1.7.3/build/CMakeFiles/CMakeTmp'
Building C object CMakeFiles/cmTC_b04e6.dir/CheckFunctionExists.c.o
/usr/bin/cc   -DCHECK_FUNCTION_EXISTS=getprogname   -o CMakeFiles/cmTC_b04e6.dir/CheckFunctionExists.c.o   -c /usr/local/share/cmake-3.17/Modules/CheckFunctionExists.c
Linking C executable cmTC_b04e6
/usr/local/bin/cmake -E cmake_link_script CMakeFiles/cmTC_b04e6.dir/link.txt --verbose=1
/usr/bin/cc  -DCHECK_FUNCTION_EXISTS=getprogname    -rdynamic CMakeFiles/cmTC_b04e6.dir/CheckFunctionExists.c.o  -o cmTC_b04e6 
CMakeFiles/cmTC_b04e6.dir/CheckFunctionExists.c.o: In function `main':
CheckFunctionExists.c:(.text+0x10): undefined reference to `getprogname'
collect2: error: ld returned 1 exit status
CMakeFiles/cmTC_b04e6.dir/build.make:103: recipe for target 'cmTC_b04e6' failed
make[1]: *** [cmTC_b04e6] Error 1
make[1]: Leaving directory '/home/blackreaper/Documents/6th Sem/LBP/Shell/libzip-1.7.3/build/CMakeFiles/CMakeTmp'
Makefile:138: recipe for target 'cmTC_b04e6/fast' failed
make: *** [cmTC_b04e6/fast] Error 2



Determining if the function setmode exists failed with the following output:
Change Dir: /home/blackreaper/Documents/6th Sem/LBP/Shell/libzip-1.7.3/build/CMakeFiles/CMakeTmp

Run Build Command(s):/usr/bin/make cmTC_ef79c/fast && /usr/bin/make -f CMakeFiles/cmTC_ef79c.dir/build.make CMakeFiles/cmTC_ef79c.dir/build
make[1]: Entering directory '/home/blackreaper/Documents/6th Sem/LBP/Shell/libzip-1.7.3/build/CMakeFiles/CMakeTmp'
Building C object CMakeFiles/cmTC_ef79c.dir/CheckFunctionExists.c.o
/usr/bin/cc   -DCHECK_FUNCTION_EXISTS=setmode   -o CMakeFiles/cmTC_ef79c.dir/CheckFunctionExists.c.o   -c /usr/local/share/cmake-3.17/Modules/CheckFunctionExists.c
Linking C executable cmTC_ef79c
/usr/local/bin/cmake -E cmake_link_script CMakeFiles/cmTC_ef79c.dir/link.txt --verbose=1
/usr/bin/cc  -DCHECK_FUNCTION_EXISTS=setmode    -rdynamic CMakeFiles/cmTC_ef79c.dir/CheckFunctionExists.c.o  -o cmTC_ef79c 
CMakeFiles/cmTC_ef79c.dir/CheckFunctionExists.c.o: In function `main':
CheckFunctionExists.c:(.text+0x10): undefined reference to `setmode'
collect2: error: ld returned 1 exit status
CMakeFiles/cmTC_ef79c.dir/build.make:103: recipe for target 'cmTC_ef79c' failed
make[1]: *** [cmTC_ef79c] Error 1
make[1]: Leaving directory '/home/blackreaper/Documents/6th Sem/LBP/Shell/libzip-1.7.3/build/CMakeFiles/CMakeTmp'
Makefile:138: recipe for target 'cmTC_ef79c/fast' failed
make: *** [cmTC_ef79c/fast] Error 2



Determining if the function stricmp exists failed with the following output:
Change Dir: /home/blackreaper/Documents/6th Sem/LBP/Shell/libzip-1.7.3/build/CMakeFiles/CMakeTmp

Run Build Command(s):/usr/bin/make cmTC_49871/fast && /usr/bin/make -f CMakeFiles/cmTC_49871.dir/build.make CMakeFiles/cmTC_49871.dir/build
make[1]: Entering directory '/home/blackreaper/Documents/6th Sem/LBP/Shell/libzip-1.7.3/build/CMakeFiles/CMakeTmp'
Building C object CMakeFiles/cmTC_49871.dir/CheckFunctionExists.c.o
/usr/bin/cc   -DCHECK_FUNCTION_EXISTS=stricmp   -o CMakeFiles/cmTC_49871.dir/CheckFunctionExists.c.o   -c /usr/local/share/cmake-3.17/Modules/CheckFunctionExists.c
Linking C executable cmTC_49871
/usr/local/bin/cmake -E cmake_link_script CMakeFiles/cmTC_49871.dir/link.txt --verbose=1
/usr/bin/cc  -DCHECK_FUNCTION_EXISTS=stricmp    -rdynamic CMakeFiles/cmTC_49871.dir/CheckFunctionExists.c.o  -o cmTC_49871 
CMakeFiles/cmTC_49871.dir/CheckFunctionExists.c.o: In function `main':
CheckFunctionExists.c:(.text+0x10): undefined reference to `stricmp'
collect2: error: ld returned 1 exit status
CMakeFiles/cmTC_49871.dir/build.make:103: recipe for target 'cmTC_49871' failed
make[1]: *** [cmTC_49871] Error 1
make[1]: Leaving directory '/home/blackreaper/Documents/6th Sem/LBP/Shell/libzip-1.7.3/build/CMakeFiles/CMakeTmp'
Makefile:138: recipe for target 'cmTC_49871/fast' failed
make: *** [cmTC_49871/fast] Error 2



Determining size of __int8 failed with the following output:
Change Dir: /home/blackreaper/Documents/6th Sem/LBP/Shell/libzip-1.7.3/build/CMakeFiles/CMakeTmp

Run Build Command(s):/usr/bin/make cmTC_9cf2f/fast && /usr/bin/make -f CMakeFiles/cmTC_9cf2f.dir/build.make CMakeFiles/cmTC_9cf2f.dir/build
make[1]: Entering directory '/home/blackreaper/Documents/6th Sem/LBP/Shell/libzip-1.7.3/build/CMakeFiles/CMakeTmp'
Building C object CMakeFiles/cmTC_9cf2f.dir/__INT8_LIBZIP.c.o
/usr/bin/cc    -o CMakeFiles/cmTC_9cf2f.dir/__INT8_LIBZIP.c.o   -c "/home/blackreaper/Documents/6th Sem/LBP/Shell/libzip-1.7.3/build/CMakeFiles/CheckTypeSize/__INT8_LIBZIP.c"
/home/blackreaper/Documents/6th Sem/LBP/Shell/libzip-1.7.3/build/CMakeFiles/CheckTypeSize/__INT8_LIBZIP.c:23:22: error: ‘__int8’ undeclared here (not in a function); did you mean ‘u_int’?
 #define SIZE (sizeof(__int8))
                      ^
/home/blackreaper/Documents/6th Sem/LBP/Shell/libzip-1.7.3/build/CMakeFiles/CheckTypeSize/__INT8_LIBZIP.c:25:12: note: in expansion of macro ‘SIZE’
   ('0' + ((SIZE / 10000)%10)),
            ^~~~
CMakeFiles/cmTC_9cf2f.dir/build.make:82: recipe for target 'CMakeFiles/cmTC_9cf2f.dir/__INT8_LIBZIP.c.o' failed
make[1]: *** [CMakeFiles/cmTC_9cf2f.dir/__INT8_LIBZIP.c.o] Error 1
make[1]: Leaving directory '/home/blackreaper/Documents/6th Sem/LBP/Shell/libzip-1.7.3/build/CMakeFiles/CMakeTmp'
Makefile:138: recipe for target 'cmTC_9cf2f/fast' failed
make: *** [cmTC_9cf2f/fast] Error 2


/home/blackreaper/Documents/6th Sem/LBP/Shell/libzip-1.7.3/build/CMakeFiles/CheckTypeSize/__INT8_LIBZIP.c:
#include <sys/types.h>
#include <stdint.h>
#include <stddef.h>


#undef KEY
#if defined(__i386)
# define KEY '_','_','i','3','8','6'
#elif defined(__x86_64)
# define KEY '_','_','x','8','6','_','6','4'
#elif defined(__ppc__)
# define KEY '_','_','p','p','c','_','_'
#elif defined(__ppc64__)
# define KEY '_','_','p','p','c','6','4','_','_'
#elif defined(__aarch64__)
# define KEY '_','_','a','a','r','c','h','6','4','_','_'
#elif defined(__ARM_ARCH_7A__)
# define KEY '_','_','A','R','M','_','A','R','C','H','_','7','A','_','_'
#elif defined(__ARM_ARCH_7S__)
# define KEY '_','_','A','R','M','_','A','R','C','H','_','7','S','_','_'
#endif

#define SIZE (sizeof(__int8))
static char info_size[] =  {'I', 'N', 'F', 'O', ':', 's','i','z','e','[',
  ('0' + ((SIZE / 10000)%10)),
  ('0' + ((SIZE / 1000)%10)),
  ('0' + ((SIZE / 100)%10)),
  ('0' + ((SIZE / 10)%10)),
  ('0' +  (SIZE    % 10)),
  ']',
#ifdef KEY
  ' ','k','e','y','[', KEY, ']',
#endif
  '\0'};

#ifdef __CLASSIC_C__
int main(argc, argv) int argc; char *argv[];
#else
int main(int argc, char *argv[])
#endif
{
  int require = 0;
  require += info_size[argc];
  (void)argv;
  return require;
}


Determining size of __int16 failed with the following output:
Change Dir: /home/blackreaper/Documents/6th Sem/LBP/Shell/libzip-1.7.3/build/CMakeFiles/CMakeTmp

Run Build Command(s):/usr/bin/make cmTC_382bd/fast && /usr/bin/make -f CMakeFiles/cmTC_382bd.dir/build.make CMakeFiles/cmTC_382bd.dir/build
make[1]: Entering directory '/home/blackreaper/Documents/6th Sem/LBP/Shell/libzip-1.7.3/build/CMakeFiles/CMakeTmp'
Building C object CMakeFiles/cmTC_382bd.dir/__INT16_LIBZIP.c.o
/usr/bin/cc    -o CMakeFiles/cmTC_382bd.dir/__INT16_LIBZIP.c.o   -c "/home/blackreaper/Documents/6th Sem/LBP/Shell/libzip-1.7.3/build/CMakeFiles/CheckTypeSize/__INT16_LIBZIP.c"
/home/blackreaper/Documents/6th Sem/LBP/Shell/libzip-1.7.3/build/CMakeFiles/CheckTypeSize/__INT16_LIBZIP.c:23:22: error: ‘__int16’ undeclared here (not in a function); did you mean ‘__int16_t’?
 #define SIZE (sizeof(__int16))
                      ^
/home/blackreaper/Documents/6th Sem/LBP/Shell/libzip-1.7.3/build/CMakeFiles/CheckTypeSize/__INT16_LIBZIP.c:25:12: note: in expansion of macro ‘SIZE’
   ('0' + ((SIZE / 10000)%10)),
            ^~~~
CMakeFiles/cmTC_382bd.dir/build.make:82: recipe for target 'CMakeFiles/cmTC_382bd.dir/__INT16_LIBZIP.c.o' failed
make[1]: *** [CMakeFiles/cmTC_382bd.dir/__INT16_LIBZIP.c.o] Error 1
make[1]: Leaving directory '/home/blackreaper/Documents/6th Sem/LBP/Shell/libzip-1.7.3/build/CMakeFiles/CMakeTmp'
Makefile:138: recipe for target 'cmTC_382bd/fast' failed
make: *** [cmTC_382bd/fast] Error 2


/home/blackreaper/Documents/6th Sem/LBP/Shell/libzip-1.7.3/build/CMakeFiles/CheckTypeSize/__INT16_LIBZIP.c:
#include <sys/types.h>
#include <stdint.h>
#include <stddef.h>


#undef KEY
#if defined(__i386)
# define KEY '_','_','i','3','8','6'
#elif defined(__x86_64)
# define KEY '_','_','x','8','6','_','6','4'
#elif defined(__ppc__)
# define KEY '_','_','p','p','c','_','_'
#elif defined(__ppc64__)
# define KEY '_','_','p','p','c','6','4','_','_'
#elif defined(__aarch64__)
# define KEY '_','_','a','a','r','c','h','6','4','_','_'
#elif defined(__ARM_ARCH_7A__)
# define KEY '_','_','A','R','M','_','A','R','C','H','_','7','A','_','_'
#elif defined(__ARM_ARCH_7S__)
# define KEY '_','_','A','R','M','_','A','R','C','H','_','7','S','_','_'
#endif

#define SIZE (sizeof(__int16))
static char info_size[] =  {'I', 'N', 'F', 'O', ':', 's','i','z','e','[',
  ('0' + ((SIZE / 10000)%10)),
  ('0' + ((SIZE / 1000)%10)),
  ('0' + ((SIZE / 100)%10)),
  ('0' + ((SIZE / 10)%10)),
  ('0' +  (SIZE    % 10)),
  ']',
#ifdef KEY
  ' ','k','e','y','[', KEY, ']',
#endif
  '\0'};

#ifdef __CLASSIC_C__
int main(argc, argv) int argc; char *argv[];
#else
int main(int argc, char *argv[])
#endif
{
  int require = 0;
  require += info_size[argc];
  (void)argv;
  return require;
}


Determining size of __int32 failed with the following output:
Change Dir: /home/blackreaper/Documents/6th Sem/LBP/Shell/libzip-1.7.3/build/CMakeFiles/CMakeTmp

Run Build Command(s):/usr/bin/make cmTC_e23e5/fast && /usr/bin/make -f CMakeFiles/cmTC_e23e5.dir/build.make CMakeFiles/cmTC_e23e5.dir/build
make[1]: Entering directory '/home/blackreaper/Documents/6th Sem/LBP/Shell/libzip-1.7.3/build/CMakeFiles/CMakeTmp'
Building C object CMakeFiles/cmTC_e23e5.dir/__INT32_LIBZIP.c.o
/usr/bin/cc    -o CMakeFiles/cmTC_e23e5.dir/__INT32_LIBZIP.c.o   -c "/home/blackreaper/Documents/6th Sem/LBP/Shell/libzip-1.7.3/build/CMakeFiles/CheckTypeSize/__INT32_LIBZIP.c"
/home/blackreaper/Documents/6th Sem/LBP/Shell/libzip-1.7.3/build/CMakeFiles/CheckTypeSize/__INT32_LIBZIP.c:23:22: error: ‘__int32’ undeclared here (not in a function); did you mean ‘__int32_t’?
 #define SIZE (sizeof(__int32))
                      ^
/home/blackreaper/Documents/6th Sem/LBP/Shell/libzip-1.7.3/build/CMakeFiles/CheckTypeSize/__INT32_LIBZIP.c:25:12: note: in expansion of macro ‘SIZE’
   ('0' + ((SIZE / 10000)%10)),
            ^~~~
CMakeFiles/cmTC_e23e5.dir/build.make:82: recipe for target 'CMakeFiles/cmTC_e23e5.dir/__INT32_LIBZIP.c.o' failed
make[1]: *** [CMakeFiles/cmTC_e23e5.dir/__INT32_LIBZIP.c.o] Error 1
make[1]: Leaving directory '/home/blackreaper/Documents/6th Sem/LBP/Shell/libzip-1.7.3/build/CMakeFiles/CMakeTmp'
Makefile:138: recipe for target 'cmTC_e23e5/fast' failed
make: *** [cmTC_e23e5/fast] Error 2


/home/blackreaper/Documents/6th Sem/LBP/Shell/libzip-1.7.3/build/CMakeFiles/CheckTypeSize/__INT32_LIBZIP.c:
#include <sys/types.h>
#include <stdint.h>
#include <stddef.h>


#undef KEY
#if defined(__i386)
# define KEY '_','_','i','3','8','6'
#elif defined(__x86_64)
# define KEY '_','_','x','8','6','_','6','4'
#elif defined(__ppc__)
# define KEY '_','_','p','p','c','_','_'
#elif defined(__ppc64__)
# define KEY '_','_','p','p','c','6','4','_','_'
#elif defined(__aarch64__)
# define KEY '_','_','a','a','r','c','h','6','4','_','_'
#elif defined(__ARM_ARCH_7A__)
# define KEY '_','_','A','R','M','_','A','R','C','H','_','7','A','_','_'
#elif defined(__ARM_ARCH_7S__)
# define KEY '_','_','A','R','M','_','A','R','C','H','_','7','S','_','_'
#endif

#define SIZE (sizeof(__int32))
static char info_size[] =  {'I', 'N', 'F', 'O', ':', 's','i','z','e','[',
  ('0' + ((SIZE / 10000)%10)),
  ('0' + ((SIZE / 1000)%10)),
  ('0' + ((SIZE / 100)%10)),
  ('0' + ((SIZE / 10)%10)),
  ('0' +  (SIZE    % 10)),
  ']',
#ifdef KEY
  ' ','k','e','y','[', KEY, ']',
#endif
  '\0'};

#ifdef __CLASSIC_C__
int main(argc, argv) int argc; char *argv[];
#else
int main(int argc, char *argv[])
#endif
{
  int require = 0;
  require += info_size[argc];
  (void)argv;
  return require;
}


Determining size of __int64 failed with the following output:
Change Dir: /home/blackreaper/Documents/6th Sem/LBP/Shell/libzip-1.7.3/build/CMakeFiles/CMakeTmp

Run Build Command(s):/usr/bin/make cmTC_b04ab/fast && /usr/bin/make -f CMakeFiles/cmTC_b04ab.dir/build.make CMakeFiles/cmTC_b04ab.dir/build
make[1]: Entering directory '/home/blackreaper/Documents/6th Sem/LBP/Shell/libzip-1.7.3/build/CMakeFiles/CMakeTmp'
Building C object CMakeFiles/cmTC_b04ab.dir/__INT64_LIBZIP.c.o
/usr/bin/cc    -o CMakeFiles/cmTC_b04ab.dir/__INT64_LIBZIP.c.o   -c "/home/blackreaper/Documents/6th Sem/LBP/Shell/libzip-1.7.3/build/CMakeFiles/CheckTypeSize/__INT64_LIBZIP.c"
/home/blackreaper/Documents/6th Sem/LBP/Shell/libzip-1.7.3/build/CMakeFiles/CheckTypeSize/__INT64_LIBZIP.c:23:22: error: ‘__int64’ undeclared here (not in a function); did you mean ‘__int64_t’?
 #define SIZE (sizeof(__int64))
                      ^
/home/blackreaper/Documents/6th Sem/LBP/Shell/libzip-1.7.3/build/CMakeFiles/CheckTypeSize/__INT64_LIBZIP.c:25:12: note: in expansion of macro ‘SIZE’
   ('0' + ((SIZE / 10000)%10)),
            ^~~~
CMakeFiles/cmTC_b04ab.dir/build.make:82: recipe for target 'CMakeFiles/cmTC_b04ab.dir/__INT64_LIBZIP.c.o' failed
make[1]: *** [CMakeFiles/cmTC_b04ab.dir/__INT64_LIBZIP.c.o] Error 1
make[1]: Leaving directory '/home/blackreaper/Documents/6th Sem/LBP/Shell/libzip-1.7.3/build/CMakeFiles/CMakeTmp'
Makefile:138: recipe for target 'cmTC_b04ab/fast' failed
make: *** [cmTC_b04ab/fast] Error 2


/home/blackreaper/Documents/6th Sem/LBP/Shell/libzip-1.7.3/build/CMakeFiles/CheckTypeSize/__INT64_LIBZIP.c:
#include <sys/types.h>
#include <stdint.h>
#include <stddef.h>


#undef KEY
#if defined(__i386)
# define KEY '_','_','i','3','8','6'
#elif defined(__x86_64)
# define KEY '_','_','x','8','6','_','6','4'
#elif defined(__ppc__)
# define KEY '_','_','p','p','c','_','_'
#elif defined(__ppc64__)
# define KEY '_','_','p','p','c','6','4','_','_'
#elif defined(__aarch64__)
# define KEY '_','_','a','a','r','c','h','6','4','_','_'
#elif defined(__ARM_ARCH_7A__)
# define KEY '_','_','A','R','M','_','A','R','C','H','_','7','A','_','_'
#elif defined(__ARM_ARCH_7S__)
# define KEY '_','_','A','R','M','_','A','R','C','H','_','7','S','_','_'
#endif

#define SIZE (sizeof(__int64))
static char info_size[] =  {'I', 'N', 'F', 'O', ':', 's','i','z','e','[',
  ('0' + ((SIZE / 10000)%10)),
  ('0' + ((SIZE / 1000)%10)),
  ('0' + ((SIZE / 100)%10)),
  ('0' + ((SIZE / 10)%10)),
  ('0' +  (SIZE    % 10)),
  ']',
#ifdef KEY
  ' ','k','e','y','[', KEY, ']',
#endif
  '\0'};

#ifdef __CLASSIC_C__
int main(argc, argv) int argc; char *argv[];
#else
int main(int argc, char *argv[])
#endif
{
  int require = 0;
  require += info_size[argc];
  (void)argv;
  return require;
}


Performing C SOURCE FILE Test HAVE_NULLABLE failed with the following output:
Change Dir: /home/blackreaper/Documents/6th Sem/LBP/Shell/libzip-1.7.3/build/CMakeFiles/CMakeTmp

Run Build Command(s):/usr/bin/make cmTC_48f2d/fast && /usr/bin/make -f CMakeFiles/cmTC_48f2d.dir/build.make CMakeFiles/cmTC_48f2d.dir/build
make[1]: Entering directory '/home/blackreaper/Documents/6th Sem/LBP/Shell/libzip-1.7.3/build/CMakeFiles/CMakeTmp'
Building C object CMakeFiles/cmTC_48f2d.dir/src.c.o
/usr/bin/cc   -DHAVE_NULLABLE   -o CMakeFiles/cmTC_48f2d.dir/src.c.o   -c "/home/blackreaper/Documents/6th Sem/LBP/Shell/libzip-1.7.3/build/CMakeFiles/CMakeTmp/src.c"
/home/blackreaper/Documents/6th Sem/LBP/Shell/libzip-1.7.3/build/CMakeFiles/CMakeTmp/src.c:2:26: error: expected ‘;’, ‘,’ or ‘)’ before ‘bar’
 int foo(char * _Nullable bar);
                          ^~~
CMakeFiles/cmTC_48f2d.dir/build.make:82: recipe for target 'CMakeFiles/cmTC_48f2d.dir/src.c.o' failed
make[1]: *** [CMakeFiles/cmTC_48f2d.dir/src.c.o] Error 1
make[1]: Leaving directory '/home/blackreaper/Documents/6th Sem/LBP/Shell/libzip-1.7.3/build/CMakeFiles/CMakeTmp'
Makefile:138: recipe for target 'cmTC_48f2d/fast' failed
make: *** [cmTC_48f2d/fast] Error 2


Source file was:

int foo(char * _Nullable bar);
int main(int argc, char *argv[]) { }
